{"/Users/andela/Documents/GitHub/ecommerce-app-cogito-bn/src/index.js":{"path":"/Users/andela/Documents/GitHub/ecommerce-app-cogito-bn/src/index.js","statementMap":{"0":{"start":{"line":3,"column":29},"end":{"line":3,"column":84}},"1":{"start":{"line":4,"column":0},"end":{"line":6,"column":3}},"2":{"start":{"line":7,"column":0},"end":{"line":7,"column":28}},"3":{"start":{"line":8,"column":19},"end":{"line":8,"column":80}},"4":{"start":{"line":9,"column":25},"end":{"line":9,"column":99}},"5":{"start":{"line":10,"column":15},"end":{"line":10,"column":57}},"6":{"start":{"line":11,"column":14},"end":{"line":11,"column":55}},"7":{"start":{"line":12,"column":14},"end":{"line":12,"column":42}},"8":{"start":{"line":13,"column":14},"end":{"line":13,"column":64}},"9":{"start":{"line":14,"column":10},"end":{"line":14,"column":36}},"10":{"start":{"line":15,"column":0},"end":{"line":15,"column":28}},"11":{"start":{"line":16,"column":11},"end":{"line":16,"column":27}},"12":{"start":{"line":17,"column":0},"end":{"line":17,"column":28}},"13":{"start":{"line":18,"column":0},"end":{"line":33,"column":5}},"14":{"start":{"line":19,"column":2},"end":{"line":32,"column":14}},"15":{"start":{"line":20,"column":4},"end":{"line":31,"column":5}},"16":{"start":{"line":20,"column":14},"end":{"line":31,"column":5}},"17":{"start":{"line":22,"column":8},"end":{"line":22,"column":72}},"18":{"start":{"line":23,"column":8},"end":{"line":23,"column":81}},"19":{"start":{"line":24,"column":8},"end":{"line":24,"column":26}},"20":{"start":{"line":25,"column":8},"end":{"line":25,"column":48}},"21":{"start":{"line":27,"column":8},"end":{"line":27,"column":43}},"22":{"start":{"line":30,"column":8},"end":{"line":30,"column":31}},"23":{"start":{"line":34,"column":15},"end":{"line":34,"column":18}},"24":{"start":{"line":35,"column":0},"end":{"line":35,"column":30}}},"fnMap":{"0":{"name":"_callee","decl":{"start":{"line":18,"column":117},"end":{"line":18,"column":124}},"loc":{"start":{"line":18,"column":127},"end":{"line":33,"column":1}},"line":18},"1":{"name":"_callee$","decl":{"start":{"line":19,"column":47},"end":{"line":19,"column":55}},"loc":{"start":{"line":19,"column":66},"end":{"line":32,"column":3}},"line":19}},"branchMap":{"0":{"loc":{"start":{"line":20,"column":14},"end":{"line":31,"column":5}},"type":"switch","locations":[{"start":{"line":21,"column":6},"end":{"line":25,"column":48}},{"start":{"line":26,"column":6},"end":{"line":27,"column":43}},{"start":{"line":28,"column":6},"end":{"line":28,"column":13}},{"start":{"line":29,"column":6},"end":{"line":30,"column":31}}],"line":20}},"s":{"0":1,"1":1,"2":1,"3":1,"4":1,"5":1,"6":1,"7":1,"8":1,"9":1,"10":1,"11":1,"12":1,"13":1,"14":1,"15":2,"16":2,"17":1,"18":1,"19":1,"20":1,"21":1,"22":1,"23":1,"24":1},"f":{"0":1,"1":2},"b":{"0":[1,1,1,1]},"inputSourceMap":{"version":3,"names":["_express","_interopRequireDefault","require","_dotenv","_models","_routes","app","express","dotenv","config","port","process","env","PORT","use","router","listen","_asyncToGenerator2","_regenerator","mark","_callee","wrap","_callee$","_context","prev","next","console","log","CLIENT_ID","FACEBOOK_APP_ID","concat","NODE_ENV","sequelize","authenticate","stop","_default","exports"],"sourceRoot":"/Users/andela/Documents/GitHub/ecommerce-app-cogito-bn/src/","sources":["index.js"],"sourcesContent":["import express from 'express';\nimport dotenv from 'dotenv';\nimport { sequelize } from './database/models';\nimport router from './routes/routes';\n\nconst app = express();\ndotenv.config();\n\nconst port = process.env.PORT;\n\napp.use(router);\n\napp.listen(port, async () => {\n  console.log(process.env.CLIENT_ID, process.env.FACEBOOK_APP_ID);\n  console.log(`app listening on port ${port}`, process.env.NODE_ENV);\n  await sequelize.authenticate();\n  console.log('Database Connected!');\n});\nexport default app;\n"],"mappings":";;;;;;;;;AAAA,IAAAA,QAAA,GAAAC,sBAAA,CAAAC,OAAA;AACA,IAAAC,OAAA,GAAAF,sBAAA,CAAAC,OAAA;AACA,IAAAE,OAAA,GAAAF,OAAA;AACA,IAAAG,OAAA,GAAAJ,sBAAA,CAAAC,OAAA;AAEA,IAAMI,GAAG,GAAG,IAAAC,mBAAO,GAAE;AACrBC,kBAAM,CAACC,MAAM,EAAE;AAEf,IAAMC,IAAI,GAAGC,OAAO,CAACC,GAAG,CAACC,IAAI;AAE7BP,GAAG,CAACQ,GAAG,CAACC,kBAAM,CAAC;AAEfT,GAAG,CAACU,MAAM,CAACN,IAAI,mBAAAO,kBAAA,2BAAAC,YAAA,YAAAC,IAAA,CAAE,SAAAC,QAAA;EAAA,OAAAF,YAAA,YAAAG,IAAA,UAAAC,SAAAC,QAAA;IAAA,kBAAAA,QAAA,CAAAC,IAAA,GAAAD,QAAA,CAAAE,IAAA;MAAA;QACfC,OAAO,CAACC,GAAG,CAAChB,OAAO,CAACC,GAAG,CAACgB,SAAS,EAAEjB,OAAO,CAACC,GAAG,CAACiB,eAAe,CAAC;QAC/DH,OAAO,CAACC,GAAG,0BAAAG,MAAA,CAA0BpB,IAAI,GAAIC,OAAO,CAACC,GAAG,CAACmB,QAAQ,CAAC;QAACR,QAAA,CAAAE,IAAA;QAAA,OAC7DO,iBAAS,CAACC,YAAY,EAAE;MAAA;QAC9BP,OAAO,CAACC,GAAG,CAAC,qBAAqB,CAAC;MAAC;MAAA;QAAA,OAAAJ,QAAA,CAAAW,IAAA;IAAA;EAAA,GAAAd,OAAA;AAAA,CACpC,GAAC;AAAC,IAAAe,QAAA,GACY7B,GAAG;AAAA8B,OAAA,cAAAD,QAAA"},"_coverageSchema":"1a1c01bbd47fc00a2c39e90264f33305004495a9","hash":"ed327957a7f228da24c1a3dc75a850b71ecb3e68","contentHash":"9e25af15e03269125577b68d631cdbe8ffb529f5addf4a276a206d81b56c2312"},"/Users/andela/Documents/GitHub/ecommerce-app-cogito-bn/src/database/models/index.js":{"path":"/Users/andela/Documents/GitHub/ecommerce-app-cogito-bn/src/database/models/index.js","statementMap":{"0":{"start":{"line":3,"column":9},"end":{"line":3,"column":22}},"1":{"start":{"line":4,"column":11},"end":{"line":4,"column":26}},"2":{"start":{"line":5,"column":16},"end":{"line":5,"column":36}},"3":{"start":{"line":6,"column":14},"end":{"line":6,"column":32}},"4":{"start":{"line":7,"column":15},"end":{"line":7,"column":40}},"5":{"start":{"line":8,"column":10},"end":{"line":8,"column":47}},"6":{"start":{"line":9,"column":13},"end":{"line":9,"column":71}},"7":{"start":{"line":10,"column":9},"end":{"line":10,"column":11}},"8":{"start":{"line":12,"column":0},"end":{"line":16,"column":1}},"9":{"start":{"line":13,"column":2},"end":{"line":13,"column":74}},"10":{"start":{"line":15,"column":2},"end":{"line":15,"column":87}},"11":{"start":{"line":17,"column":0},"end":{"line":22,"column":3}},"12":{"start":{"line":18,"column":2},"end":{"line":18,"column":117}},"13":{"start":{"line":20,"column":14},"end":{"line":20,"column":81}},"14":{"start":{"line":21,"column":2},"end":{"line":21,"column":25}},"15":{"start":{"line":23,"column":0},"end":{"line":27,"column":3}},"16":{"start":{"line":24,"column":2},"end":{"line":26,"column":3}},"17":{"start":{"line":25,"column":4},"end":{"line":25,"column":32}},"18":{"start":{"line":28,"column":0},"end":{"line":28,"column":25}},"19":{"start":{"line":29,"column":0},"end":{"line":29,"column":25}},"20":{"start":{"line":30,"column":0},"end":{"line":30,"column":20}}},"fnMap":{"0":{"name":"(anonymous_0)","decl":{"start":{"line":17,"column":33},"end":{"line":17,"column":34}},"loc":{"start":{"line":17,"column":49},"end":{"line":19,"column":1}},"line":17},"1":{"name":"(anonymous_1)","decl":{"start":{"line":19,"column":11},"end":{"line":19,"column":12}},"loc":{"start":{"line":19,"column":27},"end":{"line":22,"column":1}},"line":19},"2":{"name":"(anonymous_2)","decl":{"start":{"line":23,"column":24},"end":{"line":23,"column":25}},"loc":{"start":{"line":23,"column":45},"end":{"line":27,"column":1}},"line":23}},"branchMap":{"0":{"loc":{"start":{"line":8,"column":10},"end":{"line":8,"column":47}},"type":"binary-expr","locations":[{"start":{"line":8,"column":10},"end":{"line":8,"column":30}},{"start":{"line":8,"column":34},"end":{"line":8,"column":47}}],"line":8},"1":{"loc":{"start":{"line":12,"column":0},"end":{"line":16,"column":1}},"type":"if","locations":[{"start":{"line":12,"column":0},"end":{"line":16,"column":1}},{"start":{"line":12,"column":0},"end":{"line":16,"column":1}}],"line":12},"2":{"loc":{"start":{"line":18,"column":9},"end":{"line":18,"column":116}},"type":"binary-expr","locations":[{"start":{"line":18,"column":9},"end":{"line":18,"column":32}},{"start":{"line":18,"column":36},"end":{"line":18,"column":53}},{"start":{"line":18,"column":57},"end":{"line":18,"column":81}},{"start":{"line":18,"column":85},"end":{"line":18,"column":116}}],"line":18},"3":{"loc":{"start":{"line":24,"column":2},"end":{"line":26,"column":3}},"type":"if","locations":[{"start":{"line":24,"column":2},"end":{"line":26,"column":3}},{"start":{"line":24,"column":2},"end":{"line":26,"column":3}}],"line":24}},"s":{"0":1,"1":1,"2":1,"3":1,"4":1,"5":1,"6":1,"7":1,"8":1,"9":0,"10":1,"11":1,"12":13,"13":12,"14":12,"15":1,"16":12,"17":12,"18":1,"19":1,"20":1},"f":{"0":13,"1":12,"2":12},"b":{"0":[1,0],"1":[0,1],"2":[13,13,12,12],"3":[12,0]},"inputSourceMap":{"version":3,"names":["fs","require","path","Sequelize","process","basename","__filename","env","NODE_ENV","config","concat","__dirname","db","sequelize","use_env_variable","database","username","password","readdirSync","filter","file","indexOf","slice","forEach","model","join","DataTypes","name","Object","keys","modelName","associate","module","exports"],"sourceRoot":"/Users/andela/Documents/GitHub/ecommerce-app-cogito-bn/src/database/models/","sources":["index.js"],"sourcesContent":["const fs = require('fs');\nconst path = require('path');\nconst Sequelize = require('sequelize');\nconst process = require('process');\n\nconst basename = path.basename(__filename);\nconst env = process.env.NODE_ENV || 'development';\nconst config = require(`${__dirname}/../config/config.js`)[env];\nconst db = {};\nlet sequelize;\nif (config.use_env_variable) {\n  sequelize = new Sequelize(process.env[config.use_env_variable], config);\n} else {\n  sequelize = new Sequelize(config.database, config.username, config.password, config);\n}\n\nfs.readdirSync(__dirname)\n  .filter(\n    (file) => file.indexOf('.') !== 0\n      && file !== basename\n      && file.slice(-3) === '.js'\n      && file.indexOf('.test.js') === -1,\n  )\n  .forEach((file) => {\n    const model = require(path.join(__dirname, file))(sequelize, Sequelize.DataTypes);\n    db[model.name] = model;\n  });\n\nObject.keys(db).forEach((modelName) => {\n  if (db[modelName].associate) {\n    db[modelName].associate(db);\n  }\n});\ndb.sequelize = sequelize;\ndb.Sequelize = Sequelize;\nmodule.exports = db;\n"],"mappings":";;AAAA,IAAMA,EAAE,GAAGC,OAAO,CAAC,IAAI,CAAC;AACxB,IAAMC,IAAI,GAAGD,OAAO,CAAC,MAAM,CAAC;AAC5B,IAAME,SAAS,GAAGF,OAAO,CAAC,WAAW,CAAC;AACtC,IAAMG,OAAO,GAAGH,OAAO,CAAC,SAAS,CAAC;AAElC,IAAMI,QAAQ,GAAGH,IAAI,CAACG,QAAQ,CAACC,UAAU,CAAC;AAC1C,IAAMC,GAAG,GAAGH,OAAO,CAACG,GAAG,CAACC,QAAQ,IAAI,aAAa;AACjD,IAAMC,MAAM,GAAGR,OAAO,IAAAS,MAAA,CAAIC,SAAS,0BAAuB,CAACJ,GAAG,CAAC;AAC/D,IAAMK,EAAE,GAAG,CAAC,CAAC;AACb,IAAIC,SAAS;AACb,IAAIJ,MAAM,CAACK,gBAAgB,EAAE;EAC3BD,SAAS,GAAG,IAAIV,SAAS,CAACC,OAAO,CAACG,GAAG,CAACE,MAAM,CAACK,gBAAgB,CAAC,EAAEL,MAAM,CAAC;AACzE,CAAC,MAAM;EACLI,SAAS,GAAG,IAAIV,SAAS,CAACM,MAAM,CAACM,QAAQ,EAAEN,MAAM,CAACO,QAAQ,EAAEP,MAAM,CAACQ,QAAQ,EAAER,MAAM,CAAC;AACtF;AAEAT,EAAE,CAACkB,WAAW,CAACP,SAAS,CAAC,CACtBQ,MAAM,CACL,UAACC,IAAI;EAAA,OAAKA,IAAI,CAACC,OAAO,CAAC,GAAG,CAAC,KAAK,CAAC,IAC5BD,IAAI,KAAKf,QAAQ,IACjBe,IAAI,CAACE,KAAK,CAAC,CAAC,CAAC,CAAC,KAAK,KAAK,IACxBF,IAAI,CAACC,OAAO,CAAC,UAAU,CAAC,KAAK,CAAC,CAAC;AAAA,EACrC,CACAE,OAAO,CAAC,UAACH,IAAI,EAAK;EACjB,IAAMI,KAAK,GAAGvB,OAAO,CAACC,IAAI,CAACuB,IAAI,CAACd,SAAS,EAAES,IAAI,CAAC,CAAC,CAACP,SAAS,EAAEV,SAAS,CAACuB,SAAS,CAAC;EACjFd,EAAE,CAACY,KAAK,CAACG,IAAI,CAAC,GAAGH,KAAK;AACxB,CAAC,CAAC;AAEJI,MAAM,CAACC,IAAI,CAACjB,EAAE,CAAC,CAACW,OAAO,CAAC,UAACO,SAAS,EAAK;EACrC,IAAIlB,EAAE,CAACkB,SAAS,CAAC,CAACC,SAAS,EAAE;IAC3BnB,EAAE,CAACkB,SAAS,CAAC,CAACC,SAAS,CAACnB,EAAE,CAAC;EAC7B;AACF,CAAC,CAAC;AACFA,EAAE,CAACC,SAAS,GAAGA,SAAS;AACxBD,EAAE,CAACT,SAAS,GAAGA,SAAS;AACxB6B,MAAM,CAACC,OAAO,GAAGrB,EAAE"},"_coverageSchema":"1a1c01bbd47fc00a2c39e90264f33305004495a9","hash":"698ce200bf9b8ccec71191897b7f46ed7f1135a2","contentHash":"e6d45bd51d3418da8e39574304e9e6b06d8b29286ff20ce20fefe3ab934785f8"},"/Users/andela/Documents/GitHub/ecommerce-app-cogito-bn/src/database/config/config.js":{"path":"/Users/andela/Documents/GitHub/ecommerce-app-cogito-bn/src/database/config/config.js","statementMap":{"0":{"start":{"line":3,"column":14},"end":{"line":3,"column":31}},"1":{"start":{"line":4,"column":0},"end":{"line":4,"column":22}},"2":{"start":{"line":5,"column":0},"end":{"line":44,"column":2}}},"fnMap":{},"branchMap":{},"s":{"0":1,"1":1,"2":1},"f":{},"b":{},"inputSourceMap":{"version":3,"names":["_dotenv","require","config","module","exports","development","username","process","env","DATABASE_USERNAME","password","DATABASE_PASSWORD","database","DATABASE","host","DATABASE_HOST","port","DATABASE_PORT","dialect","test","DB_TEST_USERNAME","DB_TEST_PASSWORD","DB_TEST_NAME","DB_TEST_HOST","DB_TEST_PORT","sslmode","dialectOptions","ssl","rejectUnauthorized","production","DB_PROD_USERNAME","DB_PROD_PASSWORD","DB_PROD_NAME","DB_PROD_HOST","DB_PROD_PORT"],"sourceRoot":"/Users/andela/Documents/GitHub/ecommerce-app-cogito-bn/src/database/config/","sources":["config.js"],"sourcesContent":["import { config } from 'dotenv';\n\nconfig();\n\nmodule.exports = {\n  development: {\n    username: process.env.DATABASE_USERNAME,\n    password: process.env.DATABASE_PASSWORD,\n    database: process.env.DATABASE,\n    host: process.env.DATABASE_HOST,\n    port: process.env.DATABASE_PORT,\n    dialect: 'postgres',\n  },\n  test: {\n    username: process.env.DB_TEST_USERNAME,\n    password: process.env.DB_TEST_PASSWORD,\n    database: process.env.DB_TEST_NAME,\n    host: process.env.DB_TEST_HOST,\n    port: process.env.DB_TEST_PORT,\n    dialect: 'postgres',\n    sslmode: require,\n    dialectOptions: {\n      ssl: {\n        require: true,\n        rejectUnauthorized: false,\n      },\n    },\n  },\n  production: {\n    username: process.env.DB_PROD_USERNAME,\n    password: process.env.DB_PROD_PASSWORD,\n    database: process.env.DB_PROD_NAME,\n    host: process.env.DB_PROD_HOST,\n    dialect: 'postgres',\n    port: process.env.DB_PROD_PORT,\n    sslmode: require,\n    dialectOptions: {\n      ssl: {\n        require: true,\n        rejectUnauthorized: false,\n      },\n    },\n  },\n};\n"],"mappings":";;AAAA,IAAAA,OAAA,GAAAC,OAAA;AAEA,IAAAC,cAAM,GAAE;AAERC,MAAM,CAACC,OAAO,GAAG;EACfC,WAAW,EAAE;IACXC,QAAQ,EAAEC,OAAO,CAACC,GAAG,CAACC,iBAAiB;IACvCC,QAAQ,EAAEH,OAAO,CAACC,GAAG,CAACG,iBAAiB;IACvCC,QAAQ,EAAEL,OAAO,CAACC,GAAG,CAACK,QAAQ;IAC9BC,IAAI,EAAEP,OAAO,CAACC,GAAG,CAACO,aAAa;IAC/BC,IAAI,EAAET,OAAO,CAACC,GAAG,CAACS,aAAa;IAC/BC,OAAO,EAAE;EACX,CAAC;EACDC,IAAI,EAAE;IACJb,QAAQ,EAAEC,OAAO,CAACC,GAAG,CAACY,gBAAgB;IACtCV,QAAQ,EAAEH,OAAO,CAACC,GAAG,CAACa,gBAAgB;IACtCT,QAAQ,EAAEL,OAAO,CAACC,GAAG,CAACc,YAAY;IAClCR,IAAI,EAAEP,OAAO,CAACC,GAAG,CAACe,YAAY;IAC9BP,IAAI,EAAET,OAAO,CAACC,GAAG,CAACgB,YAAY;IAC9BN,OAAO,EAAE,UAAU;IACnBO,OAAO,EAAExB,OAAO;IAChByB,cAAc,EAAE;MACdC,GAAG,EAAE;QACH1B,OAAO,EAAE,IAAI;QACb2B,kBAAkB,EAAE;MACtB;IACF;EACF,CAAC;EACDC,UAAU,EAAE;IACVvB,QAAQ,EAAEC,OAAO,CAACC,GAAG,CAACsB,gBAAgB;IACtCpB,QAAQ,EAAEH,OAAO,CAACC,GAAG,CAACuB,gBAAgB;IACtCnB,QAAQ,EAAEL,OAAO,CAACC,GAAG,CAACwB,YAAY;IAClClB,IAAI,EAAEP,OAAO,CAACC,GAAG,CAACyB,YAAY;IAC9Bf,OAAO,EAAE,UAAU;IACnBF,IAAI,EAAET,OAAO,CAACC,GAAG,CAAC0B,YAAY;IAC9BT,OAAO,EAAExB,OAAO;IAChByB,cAAc,EAAE;MACdC,GAAG,EAAE;QACH1B,OAAO,EAAE,IAAI;QACb2B,kBAAkB,EAAE;MACtB;IACF;EACF;AACF,CAAC"},"_coverageSchema":"1a1c01bbd47fc00a2c39e90264f33305004495a9","hash":"f5a328d92bdbec36bae51bb758a849085407e7e9","contentHash":"784bfd64a6b221afe453a997bbf80bfb7334f1caee80502f671e78e52421ffaf"},"/Users/andela/Documents/GitHub/ecommerce-app-cogito-bn/src/database/models/cart.js":{"path":"/Users/andela/Documents/GitHub/ecommerce-app-cogito-bn/src/database/models/cart.js","statementMap":{"0":{"start":{"line":3,"column":29},"end":{"line":3,"column":84}},"1":{"start":{"line":4,"column":23},"end":{"line":4,"column":95}},"2":{"start":{"line":5,"column":20},"end":{"line":5,"column":89}},"3":{"start":{"line":6,"column":17},"end":{"line":6,"column":83}},"4":{"start":{"line":7,"column":34},"end":{"line":7,"column":117}},"5":{"start":{"line":8,"column":23},"end":{"line":8,"column":95}},"6":{"start":{"line":9,"column":65},"end":{"line":9,"column":92}},"7":{"start":{"line":9,"column":94},"end":{"line":9,"column":474}},"8":{"start":{"line":9,"column":147},"end":{"line":9,"column":188}},"9":{"start":{"line":9,"column":198},"end":{"line":9,"column":405}},"10":{"start":{"line":9,"column":247},"end":{"line":9,"column":297}},"11":{"start":{"line":9,"column":299},"end":{"line":9,"column":355}},"12":{"start":{"line":9,"column":365},"end":{"line":9,"column":403}},"13":{"start":{"line":9,"column":406},"end":{"line":9,"column":471}},"14":{"start":{"line":10,"column":39},"end":{"line":10,"column":110}},"15":{"start":{"line":10,"column":97},"end":{"line":10,"column":110}},"16":{"start":{"line":10,"column":111},"end":{"line":10,"column":152}},"17":{"start":{"line":10,"column":139},"end":{"line":10,"column":152}},"18":{"start":{"line":10,"column":153},"end":{"line":10,"column":198}},"19":{"start":{"line":10,"column":186},"end":{"line":10,"column":198}},"20":{"start":{"line":10,"column":199},"end":{"line":10,"column":327}},"21":{"start":{"line":10,"column":205},"end":{"line":10,"column":284}},"22":{"start":{"line":10,"column":285},"end":{"line":10,"column":297}},"23":{"start":{"line":10,"column":312},"end":{"line":10,"column":325}},"24":{"start":{"line":11,"column":15},"end":{"line":11,"column":35}},"25":{"start":{"line":12,"column":10},"end":{"line":12,"column":24}},"26":{"start":{"line":13,"column":0},"end":{"line":45,"column":2}},"27":{"start":{"line":14,"column":26},"end":{"line":34,"column":10}},"28":{"start":{"line":15,"column":4},"end":{"line":15,"column":45}},"29":{"start":{"line":16,"column":17},"end":{"line":16,"column":35}},"30":{"start":{"line":18,"column":6},"end":{"line":18,"column":51}},"31":{"start":{"line":19,"column":6},"end":{"line":19,"column":43}},"32":{"start":{"line":21,"column":4},"end":{"line":32,"column":8}},"33":{"start":{"line":33,"column":4},"end":{"line":33,"column":16}},"34":{"start":{"line":35,"column":2},"end":{"line":43,"column":5}},"35":{"start":{"line":44,"column":2},"end":{"line":44,"column":14}}},"fnMap":{"0":{"name":"_createSuper","decl":{"start":{"line":9,"column":9},"end":{"line":9,"column":21}},"loc":{"start":{"line":9,"column":31},"end":{"line":9,"column":476}},"line":9},"1":{"name":"_createSuperInternal","decl":{"start":{"line":9,"column":110},"end":{"line":9,"column":130}},"loc":{"start":{"line":9,"column":133},"end":{"line":9,"column":473}},"line":9},"2":{"name":"_isNativeReflectConstruct","decl":{"start":{"line":10,"column":9},"end":{"line":10,"column":34}},"loc":{"start":{"line":10,"column":37},"end":{"line":10,"column":329}},"line":10},"3":{"name":"(anonymous_3)","decl":{"start":{"line":10,"column":267},"end":{"line":10,"column":268}},"loc":{"start":{"line":10,"column":279},"end":{"line":10,"column":281}},"line":10},"4":{"name":"(anonymous_4)","decl":{"start":{"line":13,"column":17},"end":{"line":13,"column":18}},"loc":{"start":{"line":13,"column":49},"end":{"line":45,"column":1}},"line":13},"5":{"name":"(anonymous_5)","decl":{"start":{"line":14,"column":26},"end":{"line":14,"column":27}},"loc":{"start":{"line":14,"column":44},"end":{"line":34,"column":3}},"line":14},"6":{"name":"cart","decl":{"start":{"line":17,"column":13},"end":{"line":17,"column":17}},"loc":{"start":{"line":17,"column":20},"end":{"line":20,"column":5}},"line":17},"7":{"name":"associate","decl":{"start":{"line":29,"column":15},"end":{"line":29,"column":24}},"loc":{"start":{"line":29,"column":33},"end":{"line":31,"column":7}},"line":29}},"branchMap":{"0":{"loc":{"start":{"line":9,"column":198},"end":{"line":9,"column":405}},"type":"if","locations":[{"start":{"line":9,"column":198},"end":{"line":9,"column":405}},{"start":{"line":9,"column":198},"end":{"line":9,"column":405}}],"line":9},"1":{"loc":{"start":{"line":10,"column":39},"end":{"line":10,"column":110}},"type":"if","locations":[{"start":{"line":10,"column":39},"end":{"line":10,"column":110}},{"start":{"line":10,"column":39},"end":{"line":10,"column":110}}],"line":10},"2":{"loc":{"start":{"line":10,"column":43},"end":{"line":10,"column":95}},"type":"binary-expr","locations":[{"start":{"line":10,"column":43},"end":{"line":10,"column":73}},{"start":{"line":10,"column":77},"end":{"line":10,"column":95}}],"line":10},"3":{"loc":{"start":{"line":10,"column":111},"end":{"line":10,"column":152}},"type":"if","locations":[{"start":{"line":10,"column":111},"end":{"line":10,"column":152}},{"start":{"line":10,"column":111},"end":{"line":10,"column":152}}],"line":10},"4":{"loc":{"start":{"line":10,"column":153},"end":{"line":10,"column":198}},"type":"if","locations":[{"start":{"line":10,"column":153},"end":{"line":10,"column":198}},{"start":{"line":10,"column":153},"end":{"line":10,"column":198}}],"line":10}},"s":{"0":1,"1":1,"2":1,"3":1,"4":1,"5":1,"6":1,"7":1,"8":0,"9":0,"10":0,"11":0,"12":0,"13":0,"14":1,"15":0,"16":1,"17":0,"18":1,"19":1,"20":0,"21":0,"22":0,"23":0,"24":1,"25":1,"26":1,"27":1,"28":1,"29":1,"30":0,"31":0,"32":1,"33":1,"34":1,"35":1},"f":{"0":1,"1":0,"2":1,"3":0,"4":1,"5":1,"6":0,"7":1},"b":{"0":[0,0],"1":[0,1],"2":[1,1],"3":[0,1],"4":[1,0]},"inputSourceMap":{"version":3,"names":["_require","require","Model","module","exports","sequelize","DataTypes","cart","_Model","_inherits2","_super","_createSuper","_classCallCheck2","apply","arguments","_createClass2","key","value","associate","models","init","user_id","STRING","product_id","quantity","INTEGER","date_added","modelName"],"sourceRoot":"/Users/andela/Documents/GitHub/ecommerce-app-cogito-bn/src/database/models/","sources":["cart.js"],"sourcesContent":["const { Model } = require('sequelize');\n\nmodule.exports = (sequelize, DataTypes) => {\n  class cart extends Model {\n    /**\n     * Helper method for defining associations.\n     * This method is not a part of Sequelize lifecycle.\n     * The `models/index` file will call this method automatically.\n     */\n    static associate(models) {\n      // define association here\n    }\n  }\n  cart.init(\n    {\n      user_id: DataTypes.STRING,\n      product_id: DataTypes.STRING,\n      quantity: DataTypes.INTEGER,\n      date_added: DataTypes.STRING,\n    },\n    {\n      sequelize,\n      modelName: 'cart',\n    },\n  );\n  return cart;\n};\n"],"mappings":";;;;;;;;;;AAAA,IAAAA,QAAA,GAAkBC,OAAO,CAAC,WAAW,CAAC;EAA9BC,KAAK,GAAAF,QAAA,CAALE,KAAK;AAEbC,MAAM,CAACC,OAAO,GAAG,UAACC,SAAS,EAAEC,SAAS,EAAK;EAAA,IACnCC,IAAI,0BAAAC,MAAA;IAAA,IAAAC,UAAA,aAAAF,IAAA,EAAAC,MAAA;IAAA,IAAAE,MAAA,GAAAC,YAAA,CAAAJ,IAAA;IAAA,SAAAA,KAAA;MAAA,IAAAK,gBAAA,mBAAAL,IAAA;MAAA,OAAAG,MAAA,CAAAG,KAAA,OAAAC,SAAA;IAAA;IAAA,IAAAC,aAAA,aAAAR,IAAA;MAAAS,GAAA;MAAAC,KAAA;MACR;AACJ;AACA;AACA;AACA;MACI,SAAAC,UAAiBC,MAAM,EAAE;QACvB;MAAA;IACD;IAAA,OAAAZ,IAAA;EAAA,EARgBL,KAAK;EAUxBK,IAAI,CAACa,IAAI,CACP;IACEC,OAAO,EAAEf,SAAS,CAACgB,MAAM;IACzBC,UAAU,EAAEjB,SAAS,CAACgB,MAAM;IAC5BE,QAAQ,EAAElB,SAAS,CAACmB,OAAO;IAC3BC,UAAU,EAAEpB,SAAS,CAACgB;EACxB,CAAC,EACD;IACEjB,SAAS,EAATA,SAAS;IACTsB,SAAS,EAAE;EACb,CAAC,CACF;EACD,OAAOpB,IAAI;AACb,CAAC"},"_coverageSchema":"1a1c01bbd47fc00a2c39e90264f33305004495a9","hash":"be8ce46cc7aeb9242b23bf2f7d08286891e1c205","contentHash":"08073875376abc48ef88412d84c50750730ab1fd51d317d0028276eb5dd48eba"},"/Users/andela/Documents/GitHub/ecommerce-app-cogito-bn/src/database/models/category.js":{"path":"/Users/andela/Documents/GitHub/ecommerce-app-cogito-bn/src/database/models/category.js","statementMap":{"0":{"start":{"line":3,"column":29},"end":{"line":3,"column":84}},"1":{"start":{"line":4,"column":23},"end":{"line":4,"column":95}},"2":{"start":{"line":5,"column":20},"end":{"line":5,"column":89}},"3":{"start":{"line":6,"column":17},"end":{"line":6,"column":83}},"4":{"start":{"line":7,"column":34},"end":{"line":7,"column":117}},"5":{"start":{"line":8,"column":23},"end":{"line":8,"column":95}},"6":{"start":{"line":9,"column":65},"end":{"line":9,"column":92}},"7":{"start":{"line":9,"column":94},"end":{"line":9,"column":474}},"8":{"start":{"line":9,"column":147},"end":{"line":9,"column":188}},"9":{"start":{"line":9,"column":198},"end":{"line":9,"column":405}},"10":{"start":{"line":9,"column":247},"end":{"line":9,"column":297}},"11":{"start":{"line":9,"column":299},"end":{"line":9,"column":355}},"12":{"start":{"line":9,"column":365},"end":{"line":9,"column":403}},"13":{"start":{"line":9,"column":406},"end":{"line":9,"column":471}},"14":{"start":{"line":10,"column":39},"end":{"line":10,"column":110}},"15":{"start":{"line":10,"column":97},"end":{"line":10,"column":110}},"16":{"start":{"line":10,"column":111},"end":{"line":10,"column":152}},"17":{"start":{"line":10,"column":139},"end":{"line":10,"column":152}},"18":{"start":{"line":10,"column":153},"end":{"line":10,"column":198}},"19":{"start":{"line":10,"column":186},"end":{"line":10,"column":198}},"20":{"start":{"line":10,"column":199},"end":{"line":10,"column":327}},"21":{"start":{"line":10,"column":205},"end":{"line":10,"column":284}},"22":{"start":{"line":10,"column":285},"end":{"line":10,"column":297}},"23":{"start":{"line":10,"column":312},"end":{"line":10,"column":325}},"24":{"start":{"line":11,"column":15},"end":{"line":11,"column":35}},"25":{"start":{"line":12,"column":10},"end":{"line":12,"column":24}},"26":{"start":{"line":13,"column":0},"end":{"line":43,"column":2}},"27":{"start":{"line":14,"column":30},"end":{"line":34,"column":10}},"28":{"start":{"line":15,"column":4},"end":{"line":15,"column":49}},"29":{"start":{"line":16,"column":17},"end":{"line":16,"column":39}},"30":{"start":{"line":18,"column":6},"end":{"line":18,"column":55}},"31":{"start":{"line":19,"column":6},"end":{"line":19,"column":43}},"32":{"start":{"line":21,"column":4},"end":{"line":32,"column":8}},"33":{"start":{"line":33,"column":4},"end":{"line":33,"column":20}},"34":{"start":{"line":35,"column":2},"end":{"line":41,"column":5}},"35":{"start":{"line":42,"column":2},"end":{"line":42,"column":18}}},"fnMap":{"0":{"name":"_createSuper","decl":{"start":{"line":9,"column":9},"end":{"line":9,"column":21}},"loc":{"start":{"line":9,"column":31},"end":{"line":9,"column":476}},"line":9},"1":{"name":"_createSuperInternal","decl":{"start":{"line":9,"column":110},"end":{"line":9,"column":130}},"loc":{"start":{"line":9,"column":133},"end":{"line":9,"column":473}},"line":9},"2":{"name":"_isNativeReflectConstruct","decl":{"start":{"line":10,"column":9},"end":{"line":10,"column":34}},"loc":{"start":{"line":10,"column":37},"end":{"line":10,"column":329}},"line":10},"3":{"name":"(anonymous_3)","decl":{"start":{"line":10,"column":267},"end":{"line":10,"column":268}},"loc":{"start":{"line":10,"column":279},"end":{"line":10,"column":281}},"line":10},"4":{"name":"(anonymous_4)","decl":{"start":{"line":13,"column":17},"end":{"line":13,"column":18}},"loc":{"start":{"line":13,"column":49},"end":{"line":43,"column":1}},"line":13},"5":{"name":"(anonymous_5)","decl":{"start":{"line":14,"column":30},"end":{"line":14,"column":31}},"loc":{"start":{"line":14,"column":48},"end":{"line":34,"column":3}},"line":14},"6":{"name":"category","decl":{"start":{"line":17,"column":13},"end":{"line":17,"column":21}},"loc":{"start":{"line":17,"column":24},"end":{"line":20,"column":5}},"line":17},"7":{"name":"associate","decl":{"start":{"line":29,"column":15},"end":{"line":29,"column":24}},"loc":{"start":{"line":29,"column":33},"end":{"line":31,"column":7}},"line":29}},"branchMap":{"0":{"loc":{"start":{"line":9,"column":198},"end":{"line":9,"column":405}},"type":"if","locations":[{"start":{"line":9,"column":198},"end":{"line":9,"column":405}},{"start":{"line":9,"column":198},"end":{"line":9,"column":405}}],"line":9},"1":{"loc":{"start":{"line":10,"column":39},"end":{"line":10,"column":110}},"type":"if","locations":[{"start":{"line":10,"column":39},"end":{"line":10,"column":110}},{"start":{"line":10,"column":39},"end":{"line":10,"column":110}}],"line":10},"2":{"loc":{"start":{"line":10,"column":43},"end":{"line":10,"column":95}},"type":"binary-expr","locations":[{"start":{"line":10,"column":43},"end":{"line":10,"column":73}},{"start":{"line":10,"column":77},"end":{"line":10,"column":95}}],"line":10},"3":{"loc":{"start":{"line":10,"column":111},"end":{"line":10,"column":152}},"type":"if","locations":[{"start":{"line":10,"column":111},"end":{"line":10,"column":152}},{"start":{"line":10,"column":111},"end":{"line":10,"column":152}}],"line":10},"4":{"loc":{"start":{"line":10,"column":153},"end":{"line":10,"column":198}},"type":"if","locations":[{"start":{"line":10,"column":153},"end":{"line":10,"column":198}},{"start":{"line":10,"column":153},"end":{"line":10,"column":198}}],"line":10}},"s":{"0":1,"1":1,"2":1,"3":1,"4":1,"5":1,"6":1,"7":1,"8":0,"9":0,"10":0,"11":0,"12":0,"13":0,"14":1,"15":0,"16":1,"17":0,"18":1,"19":1,"20":0,"21":0,"22":0,"23":0,"24":1,"25":1,"26":1,"27":1,"28":1,"29":1,"30":0,"31":0,"32":1,"33":1,"34":1,"35":1},"f":{"0":1,"1":0,"2":1,"3":0,"4":1,"5":1,"6":0,"7":1},"b":{"0":[0,0],"1":[0,1],"2":[1,1],"3":[0,1],"4":[1,0]},"inputSourceMap":{"version":3,"names":["_require","require","Model","module","exports","sequelize","DataTypes","category","_Model","_inherits2","_super","_createSuper","_classCallCheck2","apply","arguments","_createClass2","key","value","associate","models","init","name","STRING","category_id","INTEGER","modelName"],"sourceRoot":"/Users/andela/Documents/GitHub/ecommerce-app-cogito-bn/src/database/models/","sources":["category.js"],"sourcesContent":["const { Model } = require('sequelize');\n\nmodule.exports = (sequelize, DataTypes) => {\n  class category extends Model {\n    /**\n     * Helper method for defining associations.\n     * This method is not a part of Sequelize lifecycle.\n     * The `models/index` file will call this method automatically.\n     */\n    static associate(models) {\n      // define association here\n    }\n  }\n  category.init(\n    {\n      name: DataTypes.STRING,\n      category_id: DataTypes.INTEGER,\n    },\n    {\n      sequelize,\n      modelName: 'category',\n    },\n  );\n  return category;\n};\n"],"mappings":";;;;;;;;;;AAAA,IAAAA,QAAA,GAAkBC,OAAO,CAAC,WAAW,CAAC;EAA9BC,KAAK,GAAAF,QAAA,CAALE,KAAK;AAEbC,MAAM,CAACC,OAAO,GAAG,UAACC,SAAS,EAAEC,SAAS,EAAK;EAAA,IACnCC,QAAQ,0BAAAC,MAAA;IAAA,IAAAC,UAAA,aAAAF,QAAA,EAAAC,MAAA;IAAA,IAAAE,MAAA,GAAAC,YAAA,CAAAJ,QAAA;IAAA,SAAAA,SAAA;MAAA,IAAAK,gBAAA,mBAAAL,QAAA;MAAA,OAAAG,MAAA,CAAAG,KAAA,OAAAC,SAAA;IAAA;IAAA,IAAAC,aAAA,aAAAR,QAAA;MAAAS,GAAA;MAAAC,KAAA;MACZ;AACJ;AACA;AACA;AACA;MACI,SAAAC,UAAiBC,MAAM,EAAE;QACvB;MAAA;IACD;IAAA,OAAAZ,QAAA;EAAA,EARoBL,KAAK;EAU5BK,QAAQ,CAACa,IAAI,CACX;IACEC,IAAI,EAAEf,SAAS,CAACgB,MAAM;IACtBC,WAAW,EAAEjB,SAAS,CAACkB;EACzB,CAAC,EACD;IACEnB,SAAS,EAATA,SAAS;IACToB,SAAS,EAAE;EACb,CAAC,CACF;EACD,OAAOlB,QAAQ;AACjB,CAAC"},"_coverageSchema":"1a1c01bbd47fc00a2c39e90264f33305004495a9","hash":"2c2c086e75b115427425f29fc5e58826b2529f5f","contentHash":"a412da4d8388ba9e61357956502e406712540b9c1474a6ba54d91fb5adb7d6bd"},"/Users/andela/Documents/GitHub/ecommerce-app-cogito-bn/src/database/models/order.js":{"path":"/Users/andela/Documents/GitHub/ecommerce-app-cogito-bn/src/database/models/order.js","statementMap":{"0":{"start":{"line":3,"column":29},"end":{"line":3,"column":84}},"1":{"start":{"line":4,"column":23},"end":{"line":4,"column":95}},"2":{"start":{"line":5,"column":20},"end":{"line":5,"column":89}},"3":{"start":{"line":6,"column":17},"end":{"line":6,"column":83}},"4":{"start":{"line":7,"column":34},"end":{"line":7,"column":117}},"5":{"start":{"line":8,"column":23},"end":{"line":8,"column":95}},"6":{"start":{"line":9,"column":65},"end":{"line":9,"column":92}},"7":{"start":{"line":9,"column":94},"end":{"line":9,"column":474}},"8":{"start":{"line":9,"column":147},"end":{"line":9,"column":188}},"9":{"start":{"line":9,"column":198},"end":{"line":9,"column":405}},"10":{"start":{"line":9,"column":247},"end":{"line":9,"column":297}},"11":{"start":{"line":9,"column":299},"end":{"line":9,"column":355}},"12":{"start":{"line":9,"column":365},"end":{"line":9,"column":403}},"13":{"start":{"line":9,"column":406},"end":{"line":9,"column":471}},"14":{"start":{"line":10,"column":39},"end":{"line":10,"column":110}},"15":{"start":{"line":10,"column":97},"end":{"line":10,"column":110}},"16":{"start":{"line":10,"column":111},"end":{"line":10,"column":152}},"17":{"start":{"line":10,"column":139},"end":{"line":10,"column":152}},"18":{"start":{"line":10,"column":153},"end":{"line":10,"column":198}},"19":{"start":{"line":10,"column":186},"end":{"line":10,"column":198}},"20":{"start":{"line":10,"column":199},"end":{"line":10,"column":327}},"21":{"start":{"line":10,"column":205},"end":{"line":10,"column":284}},"22":{"start":{"line":10,"column":285},"end":{"line":10,"column":297}},"23":{"start":{"line":10,"column":312},"end":{"line":10,"column":325}},"24":{"start":{"line":11,"column":15},"end":{"line":11,"column":35}},"25":{"start":{"line":12,"column":10},"end":{"line":12,"column":24}},"26":{"start":{"line":13,"column":0},"end":{"line":47,"column":2}},"27":{"start":{"line":14,"column":27},"end":{"line":35,"column":10}},"28":{"start":{"line":15,"column":4},"end":{"line":15,"column":46}},"29":{"start":{"line":16,"column":17},"end":{"line":16,"column":36}},"30":{"start":{"line":18,"column":6},"end":{"line":18,"column":52}},"31":{"start":{"line":19,"column":6},"end":{"line":19,"column":43}},"32":{"start":{"line":21,"column":4},"end":{"line":33,"column":8}},"33":{"start":{"line":34,"column":4},"end":{"line":34,"column":17}},"34":{"start":{"line":36,"column":2},"end":{"line":45,"column":5}},"35":{"start":{"line":46,"column":2},"end":{"line":46,"column":15}}},"fnMap":{"0":{"name":"_createSuper","decl":{"start":{"line":9,"column":9},"end":{"line":9,"column":21}},"loc":{"start":{"line":9,"column":31},"end":{"line":9,"column":476}},"line":9},"1":{"name":"_createSuperInternal","decl":{"start":{"line":9,"column":110},"end":{"line":9,"column":130}},"loc":{"start":{"line":9,"column":133},"end":{"line":9,"column":473}},"line":9},"2":{"name":"_isNativeReflectConstruct","decl":{"start":{"line":10,"column":9},"end":{"line":10,"column":34}},"loc":{"start":{"line":10,"column":37},"end":{"line":10,"column":329}},"line":10},"3":{"name":"(anonymous_3)","decl":{"start":{"line":10,"column":267},"end":{"line":10,"column":268}},"loc":{"start":{"line":10,"column":279},"end":{"line":10,"column":281}},"line":10},"4":{"name":"(anonymous_4)","decl":{"start":{"line":13,"column":17},"end":{"line":13,"column":18}},"loc":{"start":{"line":13,"column":49},"end":{"line":47,"column":1}},"line":13},"5":{"name":"(anonymous_5)","decl":{"start":{"line":14,"column":27},"end":{"line":14,"column":28}},"loc":{"start":{"line":14,"column":45},"end":{"line":35,"column":3}},"line":14},"6":{"name":"order","decl":{"start":{"line":17,"column":13},"end":{"line":17,"column":18}},"loc":{"start":{"line":17,"column":21},"end":{"line":20,"column":5}},"line":17},"7":{"name":"associate","decl":{"start":{"line":30,"column":15},"end":{"line":30,"column":24}},"loc":{"start":{"line":30,"column":33},"end":{"line":32,"column":7}},"line":30}},"branchMap":{"0":{"loc":{"start":{"line":9,"column":198},"end":{"line":9,"column":405}},"type":"if","locations":[{"start":{"line":9,"column":198},"end":{"line":9,"column":405}},{"start":{"line":9,"column":198},"end":{"line":9,"column":405}}],"line":9},"1":{"loc":{"start":{"line":10,"column":39},"end":{"line":10,"column":110}},"type":"if","locations":[{"start":{"line":10,"column":39},"end":{"line":10,"column":110}},{"start":{"line":10,"column":39},"end":{"line":10,"column":110}}],"line":10},"2":{"loc":{"start":{"line":10,"column":43},"end":{"line":10,"column":95}},"type":"binary-expr","locations":[{"start":{"line":10,"column":43},"end":{"line":10,"column":73}},{"start":{"line":10,"column":77},"end":{"line":10,"column":95}}],"line":10},"3":{"loc":{"start":{"line":10,"column":111},"end":{"line":10,"column":152}},"type":"if","locations":[{"start":{"line":10,"column":111},"end":{"line":10,"column":152}},{"start":{"line":10,"column":111},"end":{"line":10,"column":152}}],"line":10},"4":{"loc":{"start":{"line":10,"column":153},"end":{"line":10,"column":198}},"type":"if","locations":[{"start":{"line":10,"column":153},"end":{"line":10,"column":198}},{"start":{"line":10,"column":153},"end":{"line":10,"column":198}}],"line":10}},"s":{"0":1,"1":1,"2":1,"3":1,"4":1,"5":1,"6":1,"7":1,"8":0,"9":0,"10":0,"11":0,"12":0,"13":0,"14":1,"15":0,"16":1,"17":0,"18":1,"19":1,"20":0,"21":0,"22":0,"23":0,"24":1,"25":1,"26":1,"27":1,"28":1,"29":1,"30":0,"31":0,"32":1,"33":1,"34":1,"35":1},"f":{"0":1,"1":0,"2":1,"3":0,"4":1,"5":1,"6":0,"7":1},"b":{"0":[0,0],"1":[0,1],"2":[1,1],"3":[0,1],"4":[1,0]},"inputSourceMap":{"version":3,"names":["_require","require","Model","module","exports","sequelize","DataTypes","order","_Model","_inherits2","_super","_createSuper","_classCallCheck2","apply","arguments","_createClass2","key","value","associate","models","init","order_id","INTEGER","user_id","order_date","STRING","total_price","FLOAT","status","modelName"],"sourceRoot":"/Users/andela/Documents/GitHub/ecommerce-app-cogito-bn/src/database/models/","sources":["order.js"],"sourcesContent":["const { Model } = require('sequelize');\n\nmodule.exports = (sequelize, DataTypes) => {\n  class order extends Model {\n    /**\n     * Helper method for defining associations.\n     * This method is not a part of Sequelize lifecycle.\n     * The `models/index` file will call this method automatically.\n     */\n    // eslint-disable-next-line no-unused-vars\n    static associate(models) {\n      // define association here\n    }\n  }\n  order.init(\n    {\n      order_id: DataTypes.INTEGER,\n      user_id: DataTypes.INTEGER,\n      order_date: DataTypes.STRING,\n      total_price: DataTypes.FLOAT,\n      status: DataTypes.STRING,\n    },\n    {\n      sequelize,\n      modelName: 'order',\n    },\n  );\n  return order;\n};\n"],"mappings":";;;;;;;;;;AAAA,IAAAA,QAAA,GAAkBC,OAAO,CAAC,WAAW,CAAC;EAA9BC,KAAK,GAAAF,QAAA,CAALE,KAAK;AAEbC,MAAM,CAACC,OAAO,GAAG,UAACC,SAAS,EAAEC,SAAS,EAAK;EAAA,IACnCC,KAAK,0BAAAC,MAAA;IAAA,IAAAC,UAAA,aAAAF,KAAA,EAAAC,MAAA;IAAA,IAAAE,MAAA,GAAAC,YAAA,CAAAJ,KAAA;IAAA,SAAAA,MAAA;MAAA,IAAAK,gBAAA,mBAAAL,KAAA;MAAA,OAAAG,MAAA,CAAAG,KAAA,OAAAC,SAAA;IAAA;IAAA,IAAAC,aAAA,aAAAR,KAAA;MAAAS,GAAA;MAAAC,KAAA;MACT;AACJ;AACA;AACA;AACA;MACI;MACA,SAAAC,UAAiBC,MAAM,EAAE;QACvB;MAAA;IACD;IAAA,OAAAZ,KAAA;EAAA,EATiBL,KAAK;EAWzBK,KAAK,CAACa,IAAI,CACR;IACEC,QAAQ,EAAEf,SAAS,CAACgB,OAAO;IAC3BC,OAAO,EAAEjB,SAAS,CAACgB,OAAO;IAC1BE,UAAU,EAAElB,SAAS,CAACmB,MAAM;IAC5BC,WAAW,EAAEpB,SAAS,CAACqB,KAAK;IAC5BC,MAAM,EAAEtB,SAAS,CAACmB;EACpB,CAAC,EACD;IACEpB,SAAS,EAATA,SAAS;IACTwB,SAAS,EAAE;EACb,CAAC,CACF;EACD,OAAOtB,KAAK;AACd,CAAC"},"_coverageSchema":"1a1c01bbd47fc00a2c39e90264f33305004495a9","hash":"d65d84ad58dad55b7550c5e2454e3d0830305c81","contentHash":"d7e0f21a77fb85117eed8065c1fa6e6f8b421bce35744f25b4b6ab6062b659f7"},"/Users/andela/Documents/GitHub/ecommerce-app-cogito-bn/src/database/models/orderItems.js":{"path":"/Users/andela/Documents/GitHub/ecommerce-app-cogito-bn/src/database/models/orderItems.js","statementMap":{"0":{"start":{"line":3,"column":29},"end":{"line":3,"column":84}},"1":{"start":{"line":4,"column":23},"end":{"line":4,"column":95}},"2":{"start":{"line":5,"column":20},"end":{"line":5,"column":89}},"3":{"start":{"line":6,"column":17},"end":{"line":6,"column":83}},"4":{"start":{"line":7,"column":34},"end":{"line":7,"column":117}},"5":{"start":{"line":8,"column":23},"end":{"line":8,"column":95}},"6":{"start":{"line":9,"column":65},"end":{"line":9,"column":92}},"7":{"start":{"line":9,"column":94},"end":{"line":9,"column":474}},"8":{"start":{"line":9,"column":147},"end":{"line":9,"column":188}},"9":{"start":{"line":9,"column":198},"end":{"line":9,"column":405}},"10":{"start":{"line":9,"column":247},"end":{"line":9,"column":297}},"11":{"start":{"line":9,"column":299},"end":{"line":9,"column":355}},"12":{"start":{"line":9,"column":365},"end":{"line":9,"column":403}},"13":{"start":{"line":9,"column":406},"end":{"line":9,"column":471}},"14":{"start":{"line":10,"column":39},"end":{"line":10,"column":110}},"15":{"start":{"line":10,"column":97},"end":{"line":10,"column":110}},"16":{"start":{"line":10,"column":111},"end":{"line":10,"column":152}},"17":{"start":{"line":10,"column":139},"end":{"line":10,"column":152}},"18":{"start":{"line":10,"column":153},"end":{"line":10,"column":198}},"19":{"start":{"line":10,"column":186},"end":{"line":10,"column":198}},"20":{"start":{"line":10,"column":199},"end":{"line":10,"column":327}},"21":{"start":{"line":10,"column":205},"end":{"line":10,"column":284}},"22":{"start":{"line":10,"column":285},"end":{"line":10,"column":297}},"23":{"start":{"line":10,"column":312},"end":{"line":10,"column":325}},"24":{"start":{"line":11,"column":15},"end":{"line":11,"column":35}},"25":{"start":{"line":12,"column":10},"end":{"line":12,"column":24}},"26":{"start":{"line":13,"column":0},"end":{"line":46,"column":2}},"27":{"start":{"line":14,"column":32},"end":{"line":35,"column":10}},"28":{"start":{"line":15,"column":4},"end":{"line":15,"column":51}},"29":{"start":{"line":16,"column":17},"end":{"line":16,"column":41}},"30":{"start":{"line":18,"column":6},"end":{"line":18,"column":57}},"31":{"start":{"line":19,"column":6},"end":{"line":19,"column":43}},"32":{"start":{"line":21,"column":4},"end":{"line":33,"column":8}},"33":{"start":{"line":34,"column":4},"end":{"line":34,"column":22}},"34":{"start":{"line":36,"column":2},"end":{"line":44,"column":5}},"35":{"start":{"line":45,"column":2},"end":{"line":45,"column":20}}},"fnMap":{"0":{"name":"_createSuper","decl":{"start":{"line":9,"column":9},"end":{"line":9,"column":21}},"loc":{"start":{"line":9,"column":31},"end":{"line":9,"column":476}},"line":9},"1":{"name":"_createSuperInternal","decl":{"start":{"line":9,"column":110},"end":{"line":9,"column":130}},"loc":{"start":{"line":9,"column":133},"end":{"line":9,"column":473}},"line":9},"2":{"name":"_isNativeReflectConstruct","decl":{"start":{"line":10,"column":9},"end":{"line":10,"column":34}},"loc":{"start":{"line":10,"column":37},"end":{"line":10,"column":329}},"line":10},"3":{"name":"(anonymous_3)","decl":{"start":{"line":10,"column":267},"end":{"line":10,"column":268}},"loc":{"start":{"line":10,"column":279},"end":{"line":10,"column":281}},"line":10},"4":{"name":"(anonymous_4)","decl":{"start":{"line":13,"column":17},"end":{"line":13,"column":18}},"loc":{"start":{"line":13,"column":49},"end":{"line":46,"column":1}},"line":13},"5":{"name":"(anonymous_5)","decl":{"start":{"line":14,"column":32},"end":{"line":14,"column":33}},"loc":{"start":{"line":14,"column":50},"end":{"line":35,"column":3}},"line":14},"6":{"name":"orderItems","decl":{"start":{"line":17,"column":13},"end":{"line":17,"column":23}},"loc":{"start":{"line":17,"column":26},"end":{"line":20,"column":5}},"line":17},"7":{"name":"associate","decl":{"start":{"line":30,"column":15},"end":{"line":30,"column":24}},"loc":{"start":{"line":30,"column":33},"end":{"line":32,"column":7}},"line":30}},"branchMap":{"0":{"loc":{"start":{"line":9,"column":198},"end":{"line":9,"column":405}},"type":"if","locations":[{"start":{"line":9,"column":198},"end":{"line":9,"column":405}},{"start":{"line":9,"column":198},"end":{"line":9,"column":405}}],"line":9},"1":{"loc":{"start":{"line":10,"column":39},"end":{"line":10,"column":110}},"type":"if","locations":[{"start":{"line":10,"column":39},"end":{"line":10,"column":110}},{"start":{"line":10,"column":39},"end":{"line":10,"column":110}}],"line":10},"2":{"loc":{"start":{"line":10,"column":43},"end":{"line":10,"column":95}},"type":"binary-expr","locations":[{"start":{"line":10,"column":43},"end":{"line":10,"column":73}},{"start":{"line":10,"column":77},"end":{"line":10,"column":95}}],"line":10},"3":{"loc":{"start":{"line":10,"column":111},"end":{"line":10,"column":152}},"type":"if","locations":[{"start":{"line":10,"column":111},"end":{"line":10,"column":152}},{"start":{"line":10,"column":111},"end":{"line":10,"column":152}}],"line":10},"4":{"loc":{"start":{"line":10,"column":153},"end":{"line":10,"column":198}},"type":"if","locations":[{"start":{"line":10,"column":153},"end":{"line":10,"column":198}},{"start":{"line":10,"column":153},"end":{"line":10,"column":198}}],"line":10}},"s":{"0":1,"1":1,"2":1,"3":1,"4":1,"5":1,"6":1,"7":1,"8":0,"9":0,"10":0,"11":0,"12":0,"13":0,"14":1,"15":0,"16":1,"17":0,"18":1,"19":1,"20":0,"21":0,"22":0,"23":0,"24":1,"25":1,"26":1,"27":1,"28":1,"29":1,"30":0,"31":0,"32":1,"33":1,"34":1,"35":1},"f":{"0":1,"1":0,"2":1,"3":0,"4":1,"5":1,"6":0,"7":1},"b":{"0":[0,0],"1":[0,1],"2":[1,1],"3":[0,1],"4":[1,0]},"inputSourceMap":{"version":3,"names":["_require","require","Model","module","exports","sequelize","DataTypes","orderItems","_Model","_inherits2","_super","_createSuper","_classCallCheck2","apply","arguments","_createClass2","key","value","associate","models","init","order_id","INTEGER","product_id","quantity","unit_price","FLOAT","modelName"],"sourceRoot":"/Users/andela/Documents/GitHub/ecommerce-app-cogito-bn/src/database/models/","sources":["orderItems.js"],"sourcesContent":["const { Model } = require('sequelize');\n\nmodule.exports = (sequelize, DataTypes) => {\n  class orderItems extends Model {\n    /**\n     * Helper method for defining associations.\n     * This method is not a part of Sequelize lifecycle.\n     * The `models/index` file will call this method automatically.\n     */\n    // eslint-disable-next-line no-unused-vars\n    static associate(models) {\n      // define association here\n    }\n  }\n  orderItems.init(\n    {\n      order_id: DataTypes.INTEGER,\n      product_id: DataTypes.INTEGER,\n      quantity: DataTypes.INTEGER,\n      unit_price: DataTypes.FLOAT,\n    },\n    {\n      sequelize,\n      modelName: 'orderItems',\n    },\n  );\n  return orderItems;\n};\n"],"mappings":";;;;;;;;;;AAAA,IAAAA,QAAA,GAAkBC,OAAO,CAAC,WAAW,CAAC;EAA9BC,KAAK,GAAAF,QAAA,CAALE,KAAK;AAEbC,MAAM,CAACC,OAAO,GAAG,UAACC,SAAS,EAAEC,SAAS,EAAK;EAAA,IACnCC,UAAU,0BAAAC,MAAA;IAAA,IAAAC,UAAA,aAAAF,UAAA,EAAAC,MAAA;IAAA,IAAAE,MAAA,GAAAC,YAAA,CAAAJ,UAAA;IAAA,SAAAA,WAAA;MAAA,IAAAK,gBAAA,mBAAAL,UAAA;MAAA,OAAAG,MAAA,CAAAG,KAAA,OAAAC,SAAA;IAAA;IAAA,IAAAC,aAAA,aAAAR,UAAA;MAAAS,GAAA;MAAAC,KAAA;MACd;AACJ;AACA;AACA;AACA;MACI;MACA,SAAAC,UAAiBC,MAAM,EAAE;QACvB;MAAA;IACD;IAAA,OAAAZ,UAAA;EAAA,EATsBL,KAAK;EAW9BK,UAAU,CAACa,IAAI,CACb;IACEC,QAAQ,EAAEf,SAAS,CAACgB,OAAO;IAC3BC,UAAU,EAAEjB,SAAS,CAACgB,OAAO;IAC7BE,QAAQ,EAAElB,SAAS,CAACgB,OAAO;IAC3BG,UAAU,EAAEnB,SAAS,CAACoB;EACxB,CAAC,EACD;IACErB,SAAS,EAATA,SAAS;IACTsB,SAAS,EAAE;EACb,CAAC,CACF;EACD,OAAOpB,UAAU;AACnB,CAAC"},"_coverageSchema":"1a1c01bbd47fc00a2c39e90264f33305004495a9","hash":"d22bf262a0b8b78ee2fdd29bf19d708a13b91a2c","contentHash":"e740674777c9bd3636261ab2dcfaac6cbe5d8195caff31477195d686cfe9c5f5"},"/Users/andela/Documents/GitHub/ecommerce-app-cogito-bn/src/database/models/permission.js":{"path":"/Users/andela/Documents/GitHub/ecommerce-app-cogito-bn/src/database/models/permission.js","statementMap":{"0":{"start":{"line":3,"column":29},"end":{"line":3,"column":84}},"1":{"start":{"line":4,"column":23},"end":{"line":4,"column":95}},"2":{"start":{"line":5,"column":20},"end":{"line":5,"column":89}},"3":{"start":{"line":6,"column":17},"end":{"line":6,"column":83}},"4":{"start":{"line":7,"column":34},"end":{"line":7,"column":117}},"5":{"start":{"line":8,"column":23},"end":{"line":8,"column":95}},"6":{"start":{"line":9,"column":65},"end":{"line":9,"column":92}},"7":{"start":{"line":9,"column":94},"end":{"line":9,"column":474}},"8":{"start":{"line":9,"column":147},"end":{"line":9,"column":188}},"9":{"start":{"line":9,"column":198},"end":{"line":9,"column":405}},"10":{"start":{"line":9,"column":247},"end":{"line":9,"column":297}},"11":{"start":{"line":9,"column":299},"end":{"line":9,"column":355}},"12":{"start":{"line":9,"column":365},"end":{"line":9,"column":403}},"13":{"start":{"line":9,"column":406},"end":{"line":9,"column":471}},"14":{"start":{"line":10,"column":39},"end":{"line":10,"column":110}},"15":{"start":{"line":10,"column":97},"end":{"line":10,"column":110}},"16":{"start":{"line":10,"column":111},"end":{"line":10,"column":152}},"17":{"start":{"line":10,"column":139},"end":{"line":10,"column":152}},"18":{"start":{"line":10,"column":153},"end":{"line":10,"column":198}},"19":{"start":{"line":10,"column":186},"end":{"line":10,"column":198}},"20":{"start":{"line":10,"column":199},"end":{"line":10,"column":327}},"21":{"start":{"line":10,"column":205},"end":{"line":10,"column":284}},"22":{"start":{"line":10,"column":285},"end":{"line":10,"column":297}},"23":{"start":{"line":10,"column":312},"end":{"line":10,"column":325}},"24":{"start":{"line":11,"column":15},"end":{"line":11,"column":35}},"25":{"start":{"line":12,"column":10},"end":{"line":12,"column":24}},"26":{"start":{"line":13,"column":0},"end":{"line":48,"column":2}},"27":{"start":{"line":14,"column":32},"end":{"line":26,"column":10}},"28":{"start":{"line":15,"column":4},"end":{"line":15,"column":51}},"29":{"start":{"line":16,"column":17},"end":{"line":16,"column":41}},"30":{"start":{"line":18,"column":6},"end":{"line":18,"column":57}},"31":{"start":{"line":19,"column":6},"end":{"line":19,"column":43}},"32":{"start":{"line":21,"column":4},"end":{"line":24,"column":8}},"33":{"start":{"line":25,"column":4},"end":{"line":25,"column":22}},"34":{"start":{"line":27,"column":2},"end":{"line":46,"column":5}},"35":{"start":{"line":47,"column":2},"end":{"line":47,"column":20}}},"fnMap":{"0":{"name":"_createSuper","decl":{"start":{"line":9,"column":9},"end":{"line":9,"column":21}},"loc":{"start":{"line":9,"column":31},"end":{"line":9,"column":476}},"line":9},"1":{"name":"_createSuperInternal","decl":{"start":{"line":9,"column":110},"end":{"line":9,"column":130}},"loc":{"start":{"line":9,"column":133},"end":{"line":9,"column":473}},"line":9},"2":{"name":"_isNativeReflectConstruct","decl":{"start":{"line":10,"column":9},"end":{"line":10,"column":34}},"loc":{"start":{"line":10,"column":37},"end":{"line":10,"column":329}},"line":10},"3":{"name":"(anonymous_3)","decl":{"start":{"line":10,"column":267},"end":{"line":10,"column":268}},"loc":{"start":{"line":10,"column":279},"end":{"line":10,"column":281}},"line":10},"4":{"name":"(anonymous_4)","decl":{"start":{"line":13,"column":17},"end":{"line":13,"column":18}},"loc":{"start":{"line":13,"column":49},"end":{"line":48,"column":1}},"line":13},"5":{"name":"(anonymous_5)","decl":{"start":{"line":14,"column":32},"end":{"line":14,"column":33}},"loc":{"start":{"line":14,"column":50},"end":{"line":26,"column":3}},"line":14},"6":{"name":"permission","decl":{"start":{"line":17,"column":13},"end":{"line":17,"column":23}},"loc":{"start":{"line":17,"column":26},"end":{"line":20,"column":5}},"line":17},"7":{"name":"associate","decl":{"start":{"line":23,"column":22},"end":{"line":23,"column":31}},"loc":{"start":{"line":23,"column":40},"end":{"line":23,"column":42}},"line":23}},"branchMap":{"0":{"loc":{"start":{"line":9,"column":198},"end":{"line":9,"column":405}},"type":"if","locations":[{"start":{"line":9,"column":198},"end":{"line":9,"column":405}},{"start":{"line":9,"column":198},"end":{"line":9,"column":405}}],"line":9},"1":{"loc":{"start":{"line":10,"column":39},"end":{"line":10,"column":110}},"type":"if","locations":[{"start":{"line":10,"column":39},"end":{"line":10,"column":110}},{"start":{"line":10,"column":39},"end":{"line":10,"column":110}}],"line":10},"2":{"loc":{"start":{"line":10,"column":43},"end":{"line":10,"column":95}},"type":"binary-expr","locations":[{"start":{"line":10,"column":43},"end":{"line":10,"column":73}},{"start":{"line":10,"column":77},"end":{"line":10,"column":95}}],"line":10},"3":{"loc":{"start":{"line":10,"column":111},"end":{"line":10,"column":152}},"type":"if","locations":[{"start":{"line":10,"column":111},"end":{"line":10,"column":152}},{"start":{"line":10,"column":111},"end":{"line":10,"column":152}}],"line":10},"4":{"loc":{"start":{"line":10,"column":153},"end":{"line":10,"column":198}},"type":"if","locations":[{"start":{"line":10,"column":153},"end":{"line":10,"column":198}},{"start":{"line":10,"column":153},"end":{"line":10,"column":198}}],"line":10}},"s":{"0":1,"1":1,"2":1,"3":1,"4":1,"5":1,"6":1,"7":1,"8":0,"9":0,"10":0,"11":0,"12":0,"13":0,"14":1,"15":0,"16":1,"17":0,"18":1,"19":1,"20":0,"21":0,"22":0,"23":0,"24":1,"25":1,"26":1,"27":1,"28":1,"29":1,"30":0,"31":0,"32":1,"33":1,"34":1,"35":1},"f":{"0":1,"1":0,"2":1,"3":0,"4":1,"5":1,"6":0,"7":1},"b":{"0":[0,0],"1":[0,1],"2":[1,1],"3":[0,1],"4":[1,0]},"inputSourceMap":{"version":3,"names":["_require","require","Model","module","exports","sequelize","DataTypes","permission","_Model","_inherits2","_super","_createSuper","_classCallCheck2","apply","arguments","_createClass2","key","value","associate","models","init","id","allowNull","primaryKey","autoIncrement","unique","type","INTEGER","permName","STRING","description","modelName"],"sourceRoot":"/Users/andela/Documents/GitHub/ecommerce-app-cogito-bn/src/database/models/","sources":["permission.js"],"sourcesContent":["const { Model } = require('sequelize');\n\nmodule.exports = (sequelize, DataTypes) => {\n  class permission extends Model {\n    static associate(models) {}\n  }\n  permission.init(\n    {\n      id: {\n        allowNull: false,\n        primaryKey: true,\n        autoIncrement: true,\n        unique: true,\n        type: DataTypes.INTEGER,\n      },\n      permName: {\n        type: DataTypes.STRING,\n        allowNull: false,\n      },\n      description: {\n        type: DataTypes.STRING,\n        allowNull: true,\n      },\n    },\n    {\n      sequelize,\n      modelName: 'permission',\n    },\n  );\n  return permission;\n};\n"],"mappings":";;;;;;;;;;AAAA,IAAAA,QAAA,GAAkBC,OAAO,CAAC,WAAW,CAAC;EAA9BC,KAAK,GAAAF,QAAA,CAALE,KAAK;AAEbC,MAAM,CAACC,OAAO,GAAG,UAACC,SAAS,EAAEC,SAAS,EAAK;EAAA,IACnCC,UAAU,0BAAAC,MAAA;IAAA,IAAAC,UAAA,aAAAF,UAAA,EAAAC,MAAA;IAAA,IAAAE,MAAA,GAAAC,YAAA,CAAAJ,UAAA;IAAA,SAAAA,WAAA;MAAA,IAAAK,gBAAA,mBAAAL,UAAA;MAAA,OAAAG,MAAA,CAAAG,KAAA,OAAAC,SAAA;IAAA;IAAA,IAAAC,aAAA,aAAAR,UAAA;MAAAS,GAAA;MAAAC,KAAA,EACd,SAAAC,UAAiBC,MAAM,EAAE,CAAC;IAAC;IAAA,OAAAZ,UAAA;EAAA,EADJL,KAAK;EAG9BK,UAAU,CAACa,IAAI,CACb;IACEC,EAAE,EAAE;MACFC,SAAS,EAAE,KAAK;MAChBC,UAAU,EAAE,IAAI;MAChBC,aAAa,EAAE,IAAI;MACnBC,MAAM,EAAE,IAAI;MACZC,IAAI,EAAEpB,SAAS,CAACqB;IAClB,CAAC;IACDC,QAAQ,EAAE;MACRF,IAAI,EAAEpB,SAAS,CAACuB,MAAM;MACtBP,SAAS,EAAE;IACb,CAAC;IACDQ,WAAW,EAAE;MACXJ,IAAI,EAAEpB,SAAS,CAACuB,MAAM;MACtBP,SAAS,EAAE;IACb;EACF,CAAC,EACD;IACEjB,SAAS,EAATA,SAAS;IACT0B,SAAS,EAAE;EACb,CAAC,CACF;EACD,OAAOxB,UAAU;AACnB,CAAC"},"_coverageSchema":"1a1c01bbd47fc00a2c39e90264f33305004495a9","hash":"02a043c943b99da057930216b5e846ffbb84753d","contentHash":"186b6990d4a7900f5833c6bf62272cbc53975fc7911a953cc9794595e7b485a6"},"/Users/andela/Documents/GitHub/ecommerce-app-cogito-bn/src/database/models/product.js":{"path":"/Users/andela/Documents/GitHub/ecommerce-app-cogito-bn/src/database/models/product.js","statementMap":{"0":{"start":{"line":3,"column":29},"end":{"line":3,"column":84}},"1":{"start":{"line":4,"column":23},"end":{"line":4,"column":95}},"2":{"start":{"line":5,"column":20},"end":{"line":5,"column":89}},"3":{"start":{"line":6,"column":17},"end":{"line":6,"column":83}},"4":{"start":{"line":7,"column":34},"end":{"line":7,"column":117}},"5":{"start":{"line":8,"column":23},"end":{"line":8,"column":95}},"6":{"start":{"line":9,"column":65},"end":{"line":9,"column":92}},"7":{"start":{"line":9,"column":94},"end":{"line":9,"column":474}},"8":{"start":{"line":9,"column":147},"end":{"line":9,"column":188}},"9":{"start":{"line":9,"column":198},"end":{"line":9,"column":405}},"10":{"start":{"line":9,"column":247},"end":{"line":9,"column":297}},"11":{"start":{"line":9,"column":299},"end":{"line":9,"column":355}},"12":{"start":{"line":9,"column":365},"end":{"line":9,"column":403}},"13":{"start":{"line":9,"column":406},"end":{"line":9,"column":471}},"14":{"start":{"line":10,"column":39},"end":{"line":10,"column":110}},"15":{"start":{"line":10,"column":97},"end":{"line":10,"column":110}},"16":{"start":{"line":10,"column":111},"end":{"line":10,"column":152}},"17":{"start":{"line":10,"column":139},"end":{"line":10,"column":152}},"18":{"start":{"line":10,"column":153},"end":{"line":10,"column":198}},"19":{"start":{"line":10,"column":186},"end":{"line":10,"column":198}},"20":{"start":{"line":10,"column":199},"end":{"line":10,"column":327}},"21":{"start":{"line":10,"column":205},"end":{"line":10,"column":284}},"22":{"start":{"line":10,"column":285},"end":{"line":10,"column":297}},"23":{"start":{"line":10,"column":312},"end":{"line":10,"column":325}},"24":{"start":{"line":11,"column":15},"end":{"line":11,"column":35}},"25":{"start":{"line":12,"column":10},"end":{"line":12,"column":24}},"26":{"start":{"line":13,"column":0},"end":{"line":50,"column":2}},"27":{"start":{"line":14,"column":29},"end":{"line":34,"column":10}},"28":{"start":{"line":15,"column":4},"end":{"line":15,"column":48}},"29":{"start":{"line":16,"column":17},"end":{"line":16,"column":38}},"30":{"start":{"line":18,"column":6},"end":{"line":18,"column":54}},"31":{"start":{"line":19,"column":6},"end":{"line":19,"column":43}},"32":{"start":{"line":21,"column":4},"end":{"line":32,"column":8}},"33":{"start":{"line":33,"column":4},"end":{"line":33,"column":19}},"34":{"start":{"line":35,"column":2},"end":{"line":48,"column":5}},"35":{"start":{"line":49,"column":2},"end":{"line":49,"column":17}}},"fnMap":{"0":{"name":"_createSuper","decl":{"start":{"line":9,"column":9},"end":{"line":9,"column":21}},"loc":{"start":{"line":9,"column":31},"end":{"line":9,"column":476}},"line":9},"1":{"name":"_createSuperInternal","decl":{"start":{"line":9,"column":110},"end":{"line":9,"column":130}},"loc":{"start":{"line":9,"column":133},"end":{"line":9,"column":473}},"line":9},"2":{"name":"_isNativeReflectConstruct","decl":{"start":{"line":10,"column":9},"end":{"line":10,"column":34}},"loc":{"start":{"line":10,"column":37},"end":{"line":10,"column":329}},"line":10},"3":{"name":"(anonymous_3)","decl":{"start":{"line":10,"column":267},"end":{"line":10,"column":268}},"loc":{"start":{"line":10,"column":279},"end":{"line":10,"column":281}},"line":10},"4":{"name":"(anonymous_4)","decl":{"start":{"line":13,"column":17},"end":{"line":13,"column":18}},"loc":{"start":{"line":13,"column":49},"end":{"line":50,"column":1}},"line":13},"5":{"name":"(anonymous_5)","decl":{"start":{"line":14,"column":29},"end":{"line":14,"column":30}},"loc":{"start":{"line":14,"column":47},"end":{"line":34,"column":3}},"line":14},"6":{"name":"product","decl":{"start":{"line":17,"column":13},"end":{"line":17,"column":20}},"loc":{"start":{"line":17,"column":23},"end":{"line":20,"column":5}},"line":17},"7":{"name":"associate","decl":{"start":{"line":29,"column":15},"end":{"line":29,"column":24}},"loc":{"start":{"line":29,"column":33},"end":{"line":31,"column":7}},"line":29}},"branchMap":{"0":{"loc":{"start":{"line":9,"column":198},"end":{"line":9,"column":405}},"type":"if","locations":[{"start":{"line":9,"column":198},"end":{"line":9,"column":405}},{"start":{"line":9,"column":198},"end":{"line":9,"column":405}}],"line":9},"1":{"loc":{"start":{"line":10,"column":39},"end":{"line":10,"column":110}},"type":"if","locations":[{"start":{"line":10,"column":39},"end":{"line":10,"column":110}},{"start":{"line":10,"column":39},"end":{"line":10,"column":110}}],"line":10},"2":{"loc":{"start":{"line":10,"column":43},"end":{"line":10,"column":95}},"type":"binary-expr","locations":[{"start":{"line":10,"column":43},"end":{"line":10,"column":73}},{"start":{"line":10,"column":77},"end":{"line":10,"column":95}}],"line":10},"3":{"loc":{"start":{"line":10,"column":111},"end":{"line":10,"column":152}},"type":"if","locations":[{"start":{"line":10,"column":111},"end":{"line":10,"column":152}},{"start":{"line":10,"column":111},"end":{"line":10,"column":152}}],"line":10},"4":{"loc":{"start":{"line":10,"column":153},"end":{"line":10,"column":198}},"type":"if","locations":[{"start":{"line":10,"column":153},"end":{"line":10,"column":198}},{"start":{"line":10,"column":153},"end":{"line":10,"column":198}}],"line":10}},"s":{"0":1,"1":1,"2":1,"3":1,"4":1,"5":1,"6":1,"7":1,"8":0,"9":0,"10":0,"11":0,"12":0,"13":0,"14":1,"15":0,"16":1,"17":0,"18":1,"19":1,"20":0,"21":0,"22":0,"23":0,"24":1,"25":1,"26":1,"27":1,"28":1,"29":1,"30":0,"31":0,"32":1,"33":1,"34":1,"35":1},"f":{"0":1,"1":0,"2":1,"3":0,"4":1,"5":1,"6":0,"7":1},"b":{"0":[0,0],"1":[0,1],"2":[1,1],"3":[0,1],"4":[1,0]},"inputSourceMap":{"version":3,"names":["_require","require","Model","module","exports","sequelize","DataTypes","product","_Model","_inherits2","_super","_createSuper","_classCallCheck2","apply","arguments","_createClass2","key","value","associate","models","init","name","STRING","description","image","ARRAY","price","quantity","stock","category_id","INTEGER","vendor_id","expiredAt","DATE","modelName"],"sourceRoot":"/Users/andela/Documents/GitHub/ecommerce-app-cogito-bn/src/database/models/","sources":["product.js"],"sourcesContent":["const { Model } = require('sequelize');\n\nmodule.exports = (sequelize, DataTypes) => {\n  class product extends Model {\n    /**\n     * Helper method for defining associations.\n     * This method is not a part of Sequelize lifecycle.\n     * The `models/index` file will call this method automatically.\n     */\n    static associate(models) {\n      // define association here\n    }\n  }\n  product.init(\n    {\n      name: DataTypes.STRING,\n      description: DataTypes.STRING,\n      image: DataTypes.ARRAY(DataTypes.STRING),\n      price: DataTypes.STRING,\n      quantity: DataTypes.STRING,\n      stock: DataTypes.STRING,\n      category_id: DataTypes.INTEGER,\n      vendor_id: DataTypes.INTEGER,\n      expiredAt: DataTypes.DATE,\n    },\n    {\n      sequelize,\n      modelName: 'product',\n    },\n  );\n  return product;\n};\n"],"mappings":";;;;;;;;;;AAAA,IAAAA,QAAA,GAAkBC,OAAO,CAAC,WAAW,CAAC;EAA9BC,KAAK,GAAAF,QAAA,CAALE,KAAK;AAEbC,MAAM,CAACC,OAAO,GAAG,UAACC,SAAS,EAAEC,SAAS,EAAK;EAAA,IACnCC,OAAO,0BAAAC,MAAA;IAAA,IAAAC,UAAA,aAAAF,OAAA,EAAAC,MAAA;IAAA,IAAAE,MAAA,GAAAC,YAAA,CAAAJ,OAAA;IAAA,SAAAA,QAAA;MAAA,IAAAK,gBAAA,mBAAAL,OAAA;MAAA,OAAAG,MAAA,CAAAG,KAAA,OAAAC,SAAA;IAAA;IAAA,IAAAC,aAAA,aAAAR,OAAA;MAAAS,GAAA;MAAAC,KAAA;MACX;AACJ;AACA;AACA;AACA;MACI,SAAAC,UAAiBC,MAAM,EAAE;QACvB;MAAA;IACD;IAAA,OAAAZ,OAAA;EAAA,EARmBL,KAAK;EAU3BK,OAAO,CAACa,IAAI,CACV;IACEC,IAAI,EAAEf,SAAS,CAACgB,MAAM;IACtBC,WAAW,EAAEjB,SAAS,CAACgB,MAAM;IAC7BE,KAAK,EAAElB,SAAS,CAACmB,KAAK,CAACnB,SAAS,CAACgB,MAAM,CAAC;IACxCI,KAAK,EAAEpB,SAAS,CAACgB,MAAM;IACvBK,QAAQ,EAAErB,SAAS,CAACgB,MAAM;IAC1BM,KAAK,EAAEtB,SAAS,CAACgB,MAAM;IACvBO,WAAW,EAAEvB,SAAS,CAACwB,OAAO;IAC9BC,SAAS,EAAEzB,SAAS,CAACwB,OAAO;IAC5BE,SAAS,EAAE1B,SAAS,CAAC2B;EACvB,CAAC,EACD;IACE5B,SAAS,EAATA,SAAS;IACT6B,SAAS,EAAE;EACb,CAAC,CACF;EACD,OAAO3B,OAAO;AAChB,CAAC"},"_coverageSchema":"1a1c01bbd47fc00a2c39e90264f33305004495a9","hash":"53c3beb364f51809427ba966a8168a66bea8cc2f","contentHash":"023577657d01e98d3e039a57d9c29549b4b9e193ab9b720587fc7805ae471625"},"/Users/andela/Documents/GitHub/ecommerce-app-cogito-bn/src/database/models/role.js":{"path":"/Users/andela/Documents/GitHub/ecommerce-app-cogito-bn/src/database/models/role.js","statementMap":{"0":{"start":{"line":3,"column":29},"end":{"line":3,"column":84}},"1":{"start":{"line":4,"column":23},"end":{"line":4,"column":95}},"2":{"start":{"line":5,"column":20},"end":{"line":5,"column":89}},"3":{"start":{"line":6,"column":17},"end":{"line":6,"column":83}},"4":{"start":{"line":7,"column":34},"end":{"line":7,"column":117}},"5":{"start":{"line":8,"column":23},"end":{"line":8,"column":95}},"6":{"start":{"line":9,"column":65},"end":{"line":9,"column":92}},"7":{"start":{"line":9,"column":94},"end":{"line":9,"column":474}},"8":{"start":{"line":9,"column":147},"end":{"line":9,"column":188}},"9":{"start":{"line":9,"column":198},"end":{"line":9,"column":405}},"10":{"start":{"line":9,"column":247},"end":{"line":9,"column":297}},"11":{"start":{"line":9,"column":299},"end":{"line":9,"column":355}},"12":{"start":{"line":9,"column":365},"end":{"line":9,"column":403}},"13":{"start":{"line":9,"column":406},"end":{"line":9,"column":471}},"14":{"start":{"line":10,"column":39},"end":{"line":10,"column":110}},"15":{"start":{"line":10,"column":97},"end":{"line":10,"column":110}},"16":{"start":{"line":10,"column":111},"end":{"line":10,"column":152}},"17":{"start":{"line":10,"column":139},"end":{"line":10,"column":152}},"18":{"start":{"line":10,"column":153},"end":{"line":10,"column":198}},"19":{"start":{"line":10,"column":186},"end":{"line":10,"column":198}},"20":{"start":{"line":10,"column":199},"end":{"line":10,"column":327}},"21":{"start":{"line":10,"column":205},"end":{"line":10,"column":284}},"22":{"start":{"line":10,"column":285},"end":{"line":10,"column":297}},"23":{"start":{"line":10,"column":312},"end":{"line":10,"column":325}},"24":{"start":{"line":11,"column":15},"end":{"line":11,"column":35}},"25":{"start":{"line":12,"column":10},"end":{"line":12,"column":24}},"26":{"start":{"line":13,"column":0},"end":{"line":48,"column":2}},"27":{"start":{"line":14,"column":26},"end":{"line":26,"column":10}},"28":{"start":{"line":15,"column":4},"end":{"line":15,"column":45}},"29":{"start":{"line":16,"column":17},"end":{"line":16,"column":35}},"30":{"start":{"line":18,"column":6},"end":{"line":18,"column":51}},"31":{"start":{"line":19,"column":6},"end":{"line":19,"column":43}},"32":{"start":{"line":21,"column":4},"end":{"line":24,"column":8}},"33":{"start":{"line":25,"column":4},"end":{"line":25,"column":16}},"34":{"start":{"line":27,"column":2},"end":{"line":46,"column":5}},"35":{"start":{"line":47,"column":2},"end":{"line":47,"column":14}}},"fnMap":{"0":{"name":"_createSuper","decl":{"start":{"line":9,"column":9},"end":{"line":9,"column":21}},"loc":{"start":{"line":9,"column":31},"end":{"line":9,"column":476}},"line":9},"1":{"name":"_createSuperInternal","decl":{"start":{"line":9,"column":110},"end":{"line":9,"column":130}},"loc":{"start":{"line":9,"column":133},"end":{"line":9,"column":473}},"line":9},"2":{"name":"_isNativeReflectConstruct","decl":{"start":{"line":10,"column":9},"end":{"line":10,"column":34}},"loc":{"start":{"line":10,"column":37},"end":{"line":10,"column":329}},"line":10},"3":{"name":"(anonymous_3)","decl":{"start":{"line":10,"column":267},"end":{"line":10,"column":268}},"loc":{"start":{"line":10,"column":279},"end":{"line":10,"column":281}},"line":10},"4":{"name":"(anonymous_4)","decl":{"start":{"line":13,"column":17},"end":{"line":13,"column":18}},"loc":{"start":{"line":13,"column":49},"end":{"line":48,"column":1}},"line":13},"5":{"name":"(anonymous_5)","decl":{"start":{"line":14,"column":26},"end":{"line":14,"column":27}},"loc":{"start":{"line":14,"column":44},"end":{"line":26,"column":3}},"line":14},"6":{"name":"role","decl":{"start":{"line":17,"column":13},"end":{"line":17,"column":17}},"loc":{"start":{"line":17,"column":20},"end":{"line":20,"column":5}},"line":17},"7":{"name":"associate","decl":{"start":{"line":23,"column":22},"end":{"line":23,"column":31}},"loc":{"start":{"line":23,"column":40},"end":{"line":23,"column":42}},"line":23}},"branchMap":{"0":{"loc":{"start":{"line":9,"column":198},"end":{"line":9,"column":405}},"type":"if","locations":[{"start":{"line":9,"column":198},"end":{"line":9,"column":405}},{"start":{"line":9,"column":198},"end":{"line":9,"column":405}}],"line":9},"1":{"loc":{"start":{"line":10,"column":39},"end":{"line":10,"column":110}},"type":"if","locations":[{"start":{"line":10,"column":39},"end":{"line":10,"column":110}},{"start":{"line":10,"column":39},"end":{"line":10,"column":110}}],"line":10},"2":{"loc":{"start":{"line":10,"column":43},"end":{"line":10,"column":95}},"type":"binary-expr","locations":[{"start":{"line":10,"column":43},"end":{"line":10,"column":73}},{"start":{"line":10,"column":77},"end":{"line":10,"column":95}}],"line":10},"3":{"loc":{"start":{"line":10,"column":111},"end":{"line":10,"column":152}},"type":"if","locations":[{"start":{"line":10,"column":111},"end":{"line":10,"column":152}},{"start":{"line":10,"column":111},"end":{"line":10,"column":152}}],"line":10},"4":{"loc":{"start":{"line":10,"column":153},"end":{"line":10,"column":198}},"type":"if","locations":[{"start":{"line":10,"column":153},"end":{"line":10,"column":198}},{"start":{"line":10,"column":153},"end":{"line":10,"column":198}}],"line":10}},"s":{"0":1,"1":1,"2":1,"3":1,"4":1,"5":1,"6":1,"7":1,"8":0,"9":0,"10":0,"11":0,"12":0,"13":0,"14":1,"15":0,"16":1,"17":0,"18":1,"19":1,"20":0,"21":0,"22":0,"23":0,"24":1,"25":1,"26":1,"27":1,"28":1,"29":1,"30":0,"31":0,"32":1,"33":1,"34":1,"35":1},"f":{"0":1,"1":0,"2":1,"3":0,"4":1,"5":1,"6":0,"7":1},"b":{"0":[0,0],"1":[0,1],"2":[1,1],"3":[0,1],"4":[1,0]},"inputSourceMap":{"version":3,"names":["_require","require","Model","module","exports","sequelize","DataTypes","role","_Model","_inherits2","_super","_createSuper","_classCallCheck2","apply","arguments","_createClass2","key","value","associate","models","init","id","allowNull","primaryKey","autoIncrement","unique","type","INTEGER","roleName","STRING","description","modelName"],"sourceRoot":"/Users/andela/Documents/GitHub/ecommerce-app-cogito-bn/src/database/models/","sources":["role.js"],"sourcesContent":["const { Model } = require('sequelize');\n\nmodule.exports = (sequelize, DataTypes) => {\n  class role extends Model {\n    static associate(models) {}\n  }\n  role.init(\n    {\n      id: {\n        allowNull: false,\n        primaryKey: true,\n        autoIncrement: true,\n        unique: true,\n        type: DataTypes.INTEGER,\n      },\n      roleName: {\n        type: DataTypes.STRING,\n        allowNull: false,\n      },\n      description: {\n        type: DataTypes.STRING,\n        allowNull: true,\n      },\n    },\n    {\n      sequelize,\n      modelName: 'role',\n    },\n  );\n  return role;\n};\n"],"mappings":";;;;;;;;;;AAAA,IAAAA,QAAA,GAAkBC,OAAO,CAAC,WAAW,CAAC;EAA9BC,KAAK,GAAAF,QAAA,CAALE,KAAK;AAEbC,MAAM,CAACC,OAAO,GAAG,UAACC,SAAS,EAAEC,SAAS,EAAK;EAAA,IACnCC,IAAI,0BAAAC,MAAA;IAAA,IAAAC,UAAA,aAAAF,IAAA,EAAAC,MAAA;IAAA,IAAAE,MAAA,GAAAC,YAAA,CAAAJ,IAAA;IAAA,SAAAA,KAAA;MAAA,IAAAK,gBAAA,mBAAAL,IAAA;MAAA,OAAAG,MAAA,CAAAG,KAAA,OAAAC,SAAA;IAAA;IAAA,IAAAC,aAAA,aAAAR,IAAA;MAAAS,GAAA;MAAAC,KAAA,EACR,SAAAC,UAAiBC,MAAM,EAAE,CAAC;IAAC;IAAA,OAAAZ,IAAA;EAAA,EADVL,KAAK;EAGxBK,IAAI,CAACa,IAAI,CACP;IACEC,EAAE,EAAE;MACFC,SAAS,EAAE,KAAK;MAChBC,UAAU,EAAE,IAAI;MAChBC,aAAa,EAAE,IAAI;MACnBC,MAAM,EAAE,IAAI;MACZC,IAAI,EAAEpB,SAAS,CAACqB;IAClB,CAAC;IACDC,QAAQ,EAAE;MACRF,IAAI,EAAEpB,SAAS,CAACuB,MAAM;MACtBP,SAAS,EAAE;IACb,CAAC;IACDQ,WAAW,EAAE;MACXJ,IAAI,EAAEpB,SAAS,CAACuB,MAAM;MACtBP,SAAS,EAAE;IACb;EACF,CAAC,EACD;IACEjB,SAAS,EAATA,SAAS;IACT0B,SAAS,EAAE;EACb,CAAC,CACF;EACD,OAAOxB,IAAI;AACb,CAAC"},"_coverageSchema":"1a1c01bbd47fc00a2c39e90264f33305004495a9","hash":"f28b341a58c512248f5b5afd9ea63e4c51868742","contentHash":"46cbdd6693c3acdec5b832b86a58ae3b553d9be6868fc104138bcb7cd5c891e5"},"/Users/andela/Documents/GitHub/ecommerce-app-cogito-bn/src/database/models/rolepermission.js":{"path":"/Users/andela/Documents/GitHub/ecommerce-app-cogito-bn/src/database/models/rolepermission.js","statementMap":{"0":{"start":{"line":3,"column":29},"end":{"line":3,"column":84}},"1":{"start":{"line":4,"column":23},"end":{"line":4,"column":95}},"2":{"start":{"line":5,"column":20},"end":{"line":5,"column":89}},"3":{"start":{"line":6,"column":17},"end":{"line":6,"column":83}},"4":{"start":{"line":7,"column":34},"end":{"line":7,"column":117}},"5":{"start":{"line":8,"column":23},"end":{"line":8,"column":95}},"6":{"start":{"line":9,"column":65},"end":{"line":9,"column":92}},"7":{"start":{"line":9,"column":94},"end":{"line":9,"column":474}},"8":{"start":{"line":9,"column":147},"end":{"line":9,"column":188}},"9":{"start":{"line":9,"column":198},"end":{"line":9,"column":405}},"10":{"start":{"line":9,"column":247},"end":{"line":9,"column":297}},"11":{"start":{"line":9,"column":299},"end":{"line":9,"column":355}},"12":{"start":{"line":9,"column":365},"end":{"line":9,"column":403}},"13":{"start":{"line":9,"column":406},"end":{"line":9,"column":471}},"14":{"start":{"line":10,"column":39},"end":{"line":10,"column":110}},"15":{"start":{"line":10,"column":97},"end":{"line":10,"column":110}},"16":{"start":{"line":10,"column":111},"end":{"line":10,"column":152}},"17":{"start":{"line":10,"column":139},"end":{"line":10,"column":152}},"18":{"start":{"line":10,"column":153},"end":{"line":10,"column":198}},"19":{"start":{"line":10,"column":186},"end":{"line":10,"column":198}},"20":{"start":{"line":10,"column":199},"end":{"line":10,"column":327}},"21":{"start":{"line":10,"column":205},"end":{"line":10,"column":284}},"22":{"start":{"line":10,"column":285},"end":{"line":10,"column":297}},"23":{"start":{"line":10,"column":312},"end":{"line":10,"column":325}},"24":{"start":{"line":11,"column":15},"end":{"line":11,"column":35}},"25":{"start":{"line":12,"column":10},"end":{"line":12,"column":24}},"26":{"start":{"line":13,"column":0},"end":{"line":56,"column":2}},"27":{"start":{"line":14,"column":36},"end":{"line":26,"column":10}},"28":{"start":{"line":15,"column":4},"end":{"line":15,"column":55}},"29":{"start":{"line":16,"column":17},"end":{"line":16,"column":45}},"30":{"start":{"line":18,"column":6},"end":{"line":18,"column":61}},"31":{"start":{"line":19,"column":6},"end":{"line":19,"column":43}},"32":{"start":{"line":21,"column":4},"end":{"line":24,"column":8}},"33":{"start":{"line":25,"column":4},"end":{"line":25,"column":26}},"34":{"start":{"line":27,"column":2},"end":{"line":54,"column":5}},"35":{"start":{"line":55,"column":2},"end":{"line":55,"column":24}}},"fnMap":{"0":{"name":"_createSuper","decl":{"start":{"line":9,"column":9},"end":{"line":9,"column":21}},"loc":{"start":{"line":9,"column":31},"end":{"line":9,"column":476}},"line":9},"1":{"name":"_createSuperInternal","decl":{"start":{"line":9,"column":110},"end":{"line":9,"column":130}},"loc":{"start":{"line":9,"column":133},"end":{"line":9,"column":473}},"line":9},"2":{"name":"_isNativeReflectConstruct","decl":{"start":{"line":10,"column":9},"end":{"line":10,"column":34}},"loc":{"start":{"line":10,"column":37},"end":{"line":10,"column":329}},"line":10},"3":{"name":"(anonymous_3)","decl":{"start":{"line":10,"column":267},"end":{"line":10,"column":268}},"loc":{"start":{"line":10,"column":279},"end":{"line":10,"column":281}},"line":10},"4":{"name":"(anonymous_4)","decl":{"start":{"line":13,"column":17},"end":{"line":13,"column":18}},"loc":{"start":{"line":13,"column":49},"end":{"line":56,"column":1}},"line":13},"5":{"name":"(anonymous_5)","decl":{"start":{"line":14,"column":36},"end":{"line":14,"column":37}},"loc":{"start":{"line":14,"column":54},"end":{"line":26,"column":3}},"line":14},"6":{"name":"RolePermission","decl":{"start":{"line":17,"column":13},"end":{"line":17,"column":27}},"loc":{"start":{"line":17,"column":30},"end":{"line":20,"column":5}},"line":17},"7":{"name":"associate","decl":{"start":{"line":23,"column":22},"end":{"line":23,"column":31}},"loc":{"start":{"line":23,"column":40},"end":{"line":23,"column":42}},"line":23}},"branchMap":{"0":{"loc":{"start":{"line":9,"column":198},"end":{"line":9,"column":405}},"type":"if","locations":[{"start":{"line":9,"column":198},"end":{"line":9,"column":405}},{"start":{"line":9,"column":198},"end":{"line":9,"column":405}}],"line":9},"1":{"loc":{"start":{"line":10,"column":39},"end":{"line":10,"column":110}},"type":"if","locations":[{"start":{"line":10,"column":39},"end":{"line":10,"column":110}},{"start":{"line":10,"column":39},"end":{"line":10,"column":110}}],"line":10},"2":{"loc":{"start":{"line":10,"column":43},"end":{"line":10,"column":95}},"type":"binary-expr","locations":[{"start":{"line":10,"column":43},"end":{"line":10,"column":73}},{"start":{"line":10,"column":77},"end":{"line":10,"column":95}}],"line":10},"3":{"loc":{"start":{"line":10,"column":111},"end":{"line":10,"column":152}},"type":"if","locations":[{"start":{"line":10,"column":111},"end":{"line":10,"column":152}},{"start":{"line":10,"column":111},"end":{"line":10,"column":152}}],"line":10},"4":{"loc":{"start":{"line":10,"column":153},"end":{"line":10,"column":198}},"type":"if","locations":[{"start":{"line":10,"column":153},"end":{"line":10,"column":198}},{"start":{"line":10,"column":153},"end":{"line":10,"column":198}}],"line":10}},"s":{"0":1,"1":1,"2":1,"3":1,"4":1,"5":1,"6":1,"7":1,"8":0,"9":0,"10":0,"11":0,"12":0,"13":0,"14":1,"15":0,"16":1,"17":0,"18":1,"19":1,"20":0,"21":0,"22":0,"23":0,"24":1,"25":1,"26":1,"27":1,"28":1,"29":1,"30":0,"31":0,"32":1,"33":1,"34":1,"35":1},"f":{"0":1,"1":0,"2":1,"3":0,"4":1,"5":1,"6":0,"7":1},"b":{"0":[0,0],"1":[0,1],"2":[1,1],"3":[0,1],"4":[1,0]},"inputSourceMap":{"version":3,"names":["_require","require","Model","module","exports","sequelize","DataTypes","RolePermission","_Model","_inherits2","_super","_createSuper","_classCallCheck2","apply","arguments","_createClass2","key","value","associate","models","init","id","allowNull","unique","autoIncrement","primaryKey","type","INTEGER","roleId","references","model","permissionId","modelName"],"sourceRoot":"/Users/andela/Documents/GitHub/ecommerce-app-cogito-bn/src/database/models/","sources":["rolepermission.js"],"sourcesContent":["const { Model } = require('sequelize');\n\nmodule.exports = (sequelize, DataTypes) => {\n  class RolePermission extends Model {\n    static associate(models) {}\n  }\n  RolePermission.init(\n    {\n      id: {\n        allowNull: false,\n        unique: true,\n        autoIncrement: true,\n        primaryKey: true,\n        type: DataTypes.INTEGER,\n      },\n      roleId: {\n        type: DataTypes.INTEGER,\n        allowNull: false,\n        references: {\n          model: 'role',\n          key: 'id',\n        },\n      },\n      permissionId: {\n        type: DataTypes.INTEGER,\n        allowNull: false,\n        references: {\n          model: 'permission',\n          key: 'id',\n        },\n      },\n    },\n    {\n      sequelize,\n      modelName: 'rolepermission',\n    },\n  );\n  return RolePermission;\n};\n"],"mappings":";;;;;;;;;;AAAA,IAAAA,QAAA,GAAkBC,OAAO,CAAC,WAAW,CAAC;EAA9BC,KAAK,GAAAF,QAAA,CAALE,KAAK;AAEbC,MAAM,CAACC,OAAO,GAAG,UAACC,SAAS,EAAEC,SAAS,EAAK;EAAA,IACnCC,cAAc,0BAAAC,MAAA;IAAA,IAAAC,UAAA,aAAAF,cAAA,EAAAC,MAAA;IAAA,IAAAE,MAAA,GAAAC,YAAA,CAAAJ,cAAA;IAAA,SAAAA,eAAA;MAAA,IAAAK,gBAAA,mBAAAL,cAAA;MAAA,OAAAG,MAAA,CAAAG,KAAA,OAAAC,SAAA;IAAA;IAAA,IAAAC,aAAA,aAAAR,cAAA;MAAAS,GAAA;MAAAC,KAAA,EAClB,SAAAC,UAAiBC,MAAM,EAAE,CAAC;IAAC;IAAA,OAAAZ,cAAA;EAAA,EADAL,KAAK;EAGlCK,cAAc,CAACa,IAAI,CACjB;IACEC,EAAE,EAAE;MACFC,SAAS,EAAE,KAAK;MAChBC,MAAM,EAAE,IAAI;MACZC,aAAa,EAAE,IAAI;MACnBC,UAAU,EAAE,IAAI;MAChBC,IAAI,EAAEpB,SAAS,CAACqB;IAClB,CAAC;IACDC,MAAM,EAAE;MACNF,IAAI,EAAEpB,SAAS,CAACqB,OAAO;MACvBL,SAAS,EAAE,KAAK;MAChBO,UAAU,EAAE;QACVC,KAAK,EAAE,MAAM;QACbd,GAAG,EAAE;MACP;IACF,CAAC;IACDe,YAAY,EAAE;MACZL,IAAI,EAAEpB,SAAS,CAACqB,OAAO;MACvBL,SAAS,EAAE,KAAK;MAChBO,UAAU,EAAE;QACVC,KAAK,EAAE,YAAY;QACnBd,GAAG,EAAE;MACP;IACF;EACF,CAAC,EACD;IACEX,SAAS,EAATA,SAAS;IACT2B,SAAS,EAAE;EACb,CAAC,CACF;EACD,OAAOzB,cAAc;AACvB,CAAC"},"_coverageSchema":"1a1c01bbd47fc00a2c39e90264f33305004495a9","hash":"6f190ea59ad4b9360e10c98e9d0d43eba0182e92","contentHash":"1044d74a92a602e8abf90aef758fe04cfb7aa41b7aa525daa12c5e67db5eb297"},"/Users/andela/Documents/GitHub/ecommerce-app-cogito-bn/src/database/models/user.js":{"path":"/Users/andela/Documents/GitHub/ecommerce-app-cogito-bn/src/database/models/user.js","statementMap":{"0":{"start":{"line":3,"column":29},"end":{"line":3,"column":84}},"1":{"start":{"line":4,"column":23},"end":{"line":4,"column":95}},"2":{"start":{"line":5,"column":20},"end":{"line":5,"column":89}},"3":{"start":{"line":6,"column":17},"end":{"line":6,"column":83}},"4":{"start":{"line":7,"column":34},"end":{"line":7,"column":117}},"5":{"start":{"line":8,"column":23},"end":{"line":8,"column":95}},"6":{"start":{"line":9,"column":65},"end":{"line":9,"column":92}},"7":{"start":{"line":9,"column":94},"end":{"line":9,"column":474}},"8":{"start":{"line":9,"column":147},"end":{"line":9,"column":188}},"9":{"start":{"line":9,"column":198},"end":{"line":9,"column":405}},"10":{"start":{"line":9,"column":247},"end":{"line":9,"column":297}},"11":{"start":{"line":9,"column":299},"end":{"line":9,"column":355}},"12":{"s
[...]
AQ,CAAC;UACpB,CAAC,MAAM;YACLN,GAAG,CAACmB,IAAI,CAAC;cAAEC,OAAO,EAAE;YAAoB,CAAC,CAAC;UAC5C;UAACX,QAAA,CAAAE,IAAA;UAAA;QAAA;UAAA,KACQT,IAAI;YAAAO,QAAA,CAAAE,IAAA;YAAA;UAAA;UAAAF,QAAA,CAAAE,IAAA;UAAA,OACII,eAAO,CAACM,OAAO,CAAC;YAC/BC,KAAK,EAAE;cACLpB,IAAI,MAAAqB,gBAAA,iBAAKC,aAAE,CAACC,KAAK,MAAAC,MAAA,CAAOxB,IAAI;YAC9B,CAAC;YACDe,UAAU,EAAE,CAAC,MAAM,EAAE,OAAO,EAAE,aAAa,EAAE,aAAa;UAC5D,CAAC,CAAC;QAAA;UALFX,QAAQ,GAAAG,QAAA,CAAAS,IAAA;UAMR,IAAIZ,QAAQ,CAACqB,MAAM,GAAG,CAAC,EAAE;YACvB3B,GAAG,CAACmB,IAAI,CAACb,QAAQ,CAAC;UACpB,CAAC,MAAM;YACLN,GAAG,CAACmB,IAAI,CAAC;cAAEC,OAAO,EAAE;YAAoB,CAAC,CAAC;UAC5C;UAACX,QAAA,CAAAE,IAAA;UAAA;QAAA;UAAA,KACQR,WAAW;YAAAM,QAAA,CAAAE,IAAA;YAAA;UAAA;UAAAF,QAAA,CAAAE,IAAA;UAAA,OACHI,eAAO,CAACM,OAAO,CAAC;YAC/BC,KAAK,EAAE;cACLnB,WAAW,MAAAoB,gBAAA,iBAAKC,aAAE,CAACC,KAAK,MAAAC,MAAA,CAAOvB,WAAW;YAC5C,CAAC;YACDc,UAAU,EAAE,CAAC,MAAM,EAAE,OAAO,EAAE,aAAa,EAAE,aAAa;UAC5D,CAAC,CAAC;QAAA;UALFX,QAAQ,GAAAG,QAAA,CAAAS,IAAA;UAMR,IAAIZ,QAAQ,CAACqB,MAAM,GAAG,CAAC,EAAE;YACvB3B,GAAG,CAACmB,IAAI,CAACb,QAAQ,CAAC;UACpB,CAAC,MAAM;YACLN,GAAG,CAACmB,IAAI,CAAC;cAAEC,OAAO,EAAE;YAAoB,CAAC,CAAC;UAC5C;UAACX,QAAA,CAAAE,IAAA;UAAA;QAAA;UAAA,KACQP,KAAK;YAAAK,QAAA,CAAAE,IAAA;YAAA;UAAA;UAAAF,QAAA,CAAAE,IAAA;UAAA,OACGI,eAAO,CAACM,OAAO,CAAC;YAC/BC,KAAK,EAAE;cACLlB,KAAK,MAAAmB,gBAAA,iBAAKC,aAAE,CAACC,KAAK,MAAAC,MAAA,CAAOtB,KAAK;YAChC,CAAC;YACDa,UAAU,EAAE,CAAC,MAAM,EAAE,OAAO,EAAE,aAAa,EAAE,aAAa;UAC5D,CAAC,CAAC;QAAA;UALFX,QAAQ,GAAAG,QAAA,CAAAS,IAAA;UAMR,IAAIZ,QAAQ,CAACqB,MAAM,GAAG,CAAC,EAAE;YACvB3B,GAAG,CAACmB,IAAI,CAACb,QAAQ,CAAC;UACpB,CAAC,MAAM;YACLN,GAAG,CAACmB,IAAI,CAAC;cAAEC,OAAO,EAAE;YAAoB,CAAC,CAAC;UAC5C;UAACX,QAAA,CAAAE,IAAA;UAAA;QAAA;UAEDX,GAAG,CAACmB,IAAI,CAAC;YAAEC,OAAO,EAAE;UAAmB,CAAC,CAAC;QAAC;UAAAX,QAAA,CAAAE,IAAA;UAAA;QAAA;UAAAF,QAAA,CAAAC,IAAA;UAAAD,QAAA,CAAAmB,EAAA,GAAAnB,QAAA;UAG5CoB,OAAO,CAACC,KAAK,CAAArB,QAAA,CAAAmB,EAAA,CAAK;UAClB5B,GAAG,CAAC+B,MAAM,CAAC,GAAG,CAAC,CAACZ,IAAI,CAAC;YAAEW,KAAK,EAAE;UAAwB,CAAC,CAAC;QAAC;QAAA;UAAA,OAAArB,QAAA,CAAAuB,IAAA;MAAA;IAAA,GAAAlC,OAAA;EAAA,CAE5D;EAAA,gBAxDKL,cAAcA,CAAAwC,EAAA,EAAAC,GAAA;IAAA,OAAAxC,IAAA,CAAAyC,KAAA,OAAAC,SAAA;EAAA;AAAA,GAwDnB;AAAC,IAAAC,QAAA,GAEa5C,cAAc;AAAA6C,OAAA,cAAAD,QAAA"},"_coverageSchema":"1a1c01bbd47fc00a2c39e90264f33305004495a9","hash":"76204f5c87c817510a2e2c9f15f741f48e90f62d","contentHash":"c86d4d7dd8304f5a4bd5371f780e2febfbf6e6ffde257bfcd830a9f040ea424f"},"/Users/andela/Documents/GitHub/ecommerce-app-cogito-bn/src/routes/wishListRouter.js":{"path":"/Users/andela/Documents/GitHub/ecommerce-app-cogito-bn/src/routes/wishListRouter.js","statementMap":{"0":{"start":{"line":3,"column":29},"end":{"line":3,"column":84}},"1":{"start":{"line":4,"column":0},"end":{"line":6,"column":3}},"2":{"start":{"line":7,"column":0},"end":{"line":7,"column":28}},"3":{"start":{"line":8,"column":15},"end":{"line":8,"column":57}},"4":{"start":{"line":9,"column":26},"end":{"line":9,"column":94}},"5":{"start":{"line":10,"column":12},"end":{"line":10,"column":41}},"6":{"start":{"line":11,"column":16},"end":{"line":11,"column":83}},"7":{"start":{"line":12,"column":21},"end":{"line":12,"column":49}},"8":{"start":{"line":13,"column":0},"end":{"line":13,"column":163}},"9":{"start":{"line":14,"column":15},"end":{"line":14,"column":29}},"10":{"start":{"line":15,"column":0},"end":{"line":15,"column":30}}},"fnMap":{},"branchMap":{},"s":{"0":1,"1":1,"2":1,"3":1,"4":1,"5":1,"6":1,"7":1,"8":1,"9":1,"10":1},"f":{},"b":{},"inputSourceMap":{"version":3,"names":["_express","_interopRequireDefault","require","_wishListController","_role","_wishlist","wishListRouter","express","Router","route","get","isBuyer","wishListController","index","post","wishlistValidator","store","_default","exports"],"sourceRoot":"/Users/andela/Documents/GitHub/ecommerce-app-cogito-bn/src/routes/","sources":["wishListRouter.js"],"sourcesContent":["import express from 'express';\nimport wishListController from '../controllers/wishListController';\nimport { isBuyer } from '../middleware/role';\nimport wishlistValidator from '../middleware/wishlist.validator';\n\nconst wishListRouter = express.Router();\n\nwishListRouter\n  .route('/')\n  .get(isBuyer, wishListController.index)\n  .post(isBuyer, wishlistValidator, wishListController.store);\n\nexport default wishListRouter;\n"],"mappings":";;;;;;;AAAA,IAAAA,QAAA,GAAAC,sBAAA,CAAAC,OAAA;AACA,IAAAC,mBAAA,GAAAF,sBAAA,CAAAC,OAAA;AACA,IAAAE,KAAA,GAAAF,OAAA;AACA,IAAAG,SAAA,GAAAJ,sBAAA,CAAAC,OAAA;AAEA,IAAMI,cAAc,GAAGC,mBAAO,CAACC,MAAM,EAAE;AAEvCF,cAAc,CACXG,KAAK,CAAC,GAAG,CAAC,CACVC,GAAG,CAACC,aAAO,EAAEC,8BAAkB,CAACC,KAAK,CAAC,CACtCC,IAAI,CAACH,aAAO,EAAEI,oBAAiB,EAAEH,8BAAkB,CAACI,KAAK,CAAC;AAAC,IAAAC,QAAA,GAE/CX,cAAc;AAAAY,OAAA,cAAAD,QAAA"},"_coverageSchema":"1a1c01bbd47fc00a2c39e90264f33305004495a9","hash":"6fbcda4dc79787a0ad06decf20bf1b09cc8ed963","contentHash":"d80efbb97c9a1134cc83502df9a723ca9dd2efdb2b4f0960ab52b6e04cc96406"},"/Users/andela/Documents/GitHub/ecommerce-app-cogito-bn/src/controllers/wishListController.js":{"path":"/Users/andela/Documents/GitHub/ecommerce-app-cogito-bn/src/controllers/wishListController.js","statementMap":{"0":{"start":{"line":3,"column":29},"end":{"line":3,"column":84}},"1":{"start":{"line":4,"column":0},"end":{"line":6,"column":3}},"2":{"start":{"line":7,"column":0},"end":{"line":7,"column":28}},"3":{"start":{"line":8,"column":19},"end":{"line":8,"column":80}},"4":{"start":{"line":9,"column":25},"end":{"line":9,"column":99}},"5":{"start":{"line":10,"column":14},"end":{"line":10,"column":43}},"6":{"start":{"line":11,"column":12},"end":{"line":31,"column":1}},"7":{"start":{"line":12,"column":15},"end":{"line":12,"column":30}},"8":{"start":{"line":13,"column":2},"end":{"line":30,"column":5}},"9":{"start":{"line":19,"column":4},"end":{"line":23,"column":7}},"10":{"start":{"line":25,"column":4},"end":{"line":29,"column":7}},"11":{"start":{"line":32,"column":25},"end":{"line":88,"column":3}},"12":{"start":{"line":33,"column":13},"end":{"line":84,"column":5}},"13":{"start":{"line":35,"column":4},"end":{"line":83,"column":33}},"14":{"start":{"line":36,"column":6},"end":{"line":82,"column":7}},"15":{"start":{"line":36,"column":16},"end":{"line":82,"column":7}},"16":{"start":{"line":38,"column":10},"end":{"line":38,"column":91}},"17":{"start":{"line":39,"column":10},"end":{"line":39,"column":28}},"18":{"start":{"line":40,"column":10},"end":{"line":40,"column":28}},"19":{"start":{"line":41,"column":10},"end":{"line":46,"column":13}},"20":{"start":{"line":48,"column":10},"end":{"line":48,"column":33}},"21":{"start":{"line":49,"column":10},"end":{"line":52,"column":11}},"22":{"start":{"line":50,"column":12},"end":{"line":50,"column":31}},"23":{"start":{"line":51,"column":12},"end":{"line":51,"column":18}},"24":{"start":{"line":53,"column":10},"end":{"line":53,"column":28}},"25":{"start":{"line":54,"column":10},"end":{"line":57,"column":13}},"26":{"start":{"line":59,"column":10},"end":{"line":59,"column":31}},"27":{"start":{"line":60,"column":10},"end":{"line":64,"column":14}},"28":{"start":{"line":66,"column":10},"end":{"line":70,"column":14}},"29":{"start":{"line":72,"column":10},"end":{"line":72,"column":29}},"30":{"start":{"line":73,"column":10},"end":{"line":73,"column":45}},"31":{"start":{"line":74,"column":10},"end":{"line":78,"column":14}},"32":{"start":{"line":81,"column":10},"end":{"line":81,"column":33}},"33":{"start":{"line":85,"column":2},"end":{"line":87,"column":4}},"34":{"start":{"line":86,"column":4},"end":{"line":86,"column":39}},"35":{"start":{"line":89,"column":15},"end":{"line":92,"column":1}},"36":{"start":{"line":93,"column":0},"end":{"line":93,"column":30}}},"fnMap":{"0":{"name":"index","decl":{"start":{"line":11,"column":21},"end":{"line":11,"column":26}},"loc":{"start":{"line":11,"column":37},"end":{"line":31,"column":1}},"line":11},"1":{"name":"(anonymous_1)","decl":{"start":{"line":18,"column":10},"end":{"line":18,"column":11}},"loc":{"start":{"line":18,"column":26},"end":{"line":24,"column":3}},"line":18},"2":{"name":"(anonymous_2)","decl":{"start":{"line":24,"column":14},"end":{"line":24,"column":15}},"loc":{"start":{"line":24,"column":29},"end":{"line":30,"column":3}},"line":24},"3":{"name":"(anonymous_3)","decl":{"start":{"line":32,"column":25},"end":{"line":32,"column":26}},"loc":{"start":{"line":32,"column":37},"end":{"line":88,"column":1}},"line":32},"4":{"name":"_callee","decl":{"start":{"line":33,"column":100},"end":{"line":33,"column":107}},"loc":{"start":{"line":33,"column":118},"end":{"line":84,"column":3}},"line":33},"5":{"name":"_callee$","decl":{"start":{"line":35,"column":49},"end":{"line":35,"column":57}},"loc":{"start":{"line":35,"column":68},"end":{"line":83,"column":5}},"line":35},"6":{"name":"store","decl":{"start":{"line":85,"column":18},"end":{"line":85,"column":23}},"loc":{"start":{"line":85,"column":33},"end":{"line":87,"column":3}},"line":85}},"branchMap":{"0":{"loc":{"start":{"line":36,"column":16},"end":{"line":82,"column":7}},"type":"switch","locations":[{"start":{"line":37,"column":8},"end":{"line":46,"column":13}},{"start":{"line":47,"column":8},"end":{"line":57,"column":13}},{"start":{"line":58,"column":8},"end":{"line":64,"column":14}},{"start":{"line":65,"column":8},"end":{"line":70,"column":14}},{"start":{"line":71,"column":8},"end":{"line":78,"column":14}},{"start":{"line":79,"column":8},"end":{"line":79,"column":16}},{"start":{"line":80,"column":8},"end":{"line":81,"column":33}}],"line":36},"1":{"loc":{"start":{"line":49,"column":10},"end":{"line":52,"column":11}},"type":"if","locations":[{"start":{"line":49,"column":10},"end":{"line":52,"column":11}},{"start":{"line":49,"column":10},"end":{"line":52,"column":11}}],"line":49}},"s":{"0":1,"1":1,"2":1,"3":1,"4":1,"5":1,"6":1,"7":2,"8":2,"9":0,"10":2,"11":1,"12":1,"13":2,"14":7,"15":8,"16":2,"17":2,"18":2,"19":2,"20":2,"21":2,"22":1,"23":1,"24":1,"25":1,"26":1,"27":1,"28":1,"29":0,"30":0,"31":0,"32":2,"33":1,"34":2,"35":1,"36":1},"f":{"0":2,"1":0,"2":2,"3":1,"4":2,"5":7,"6":2},"b":{"0":[2,2,1,1,0,0,2],"1":[1,1]},"inputSourceMap":{"version":3,"names":["_models","require","index","req","res","userId","body","wishlist","findAll","include","product","where","then","data","json","status","message","t","err","store","_ref","_asyncToGenerator2","_regenerator","mark","_callee","_req$body","productId","result","wrap","_callee$","_context","prev","next","findOne","sent","create","abrupt","t0","stop","_x","_x2","apply","arguments","_default","exports"],"sourceRoot":"/Users/andela/Documents/GitHub/ecommerce-app-cogito-bn/src/controllers/","sources":["wishListController.js"],"sourcesContent":["import { wishlist, product } from '../database/models';\n\nconst index = (req, res) => {\n  const { userId } = req.body;\n  wishlist\n    .findAll({ include: product, where: { userId } })\n    .then((data) => {\n      res.json({ status: 200, message: req.t('wishlist_fetched'), data });\n    })\n    .catch((err) => {\n      res.json({ status: err.status, message: err.message, data: [] });\n    });\n};\n\nconst store = async (req, res) => {\n  const { productId, userId } = req.body;\n  try {\n    const result = await wishlist.findOne({ where: { userId, productId } });\n    if (!result) {\n      const data = await wishlist.create({ productId, userId });\n      return res.json({ status: 200, message: req.t('product_added'), data });\n    }\n    return res.json({ status: 200, message: req.t('product_already_added'), data: result });\n  } catch (err) {\n    return res.json({ status: err.status, message: err.message, data: [] });\n  }\n};\nexport default { index, store };\n"],"mappings":";;;;;;;;;AAAA,IAAAA,OAAA,GAAAC,OAAA;AAEA,IAAMC,KAAK,GAAG,SAARA,KAAKA,CAAIC,GAAG,EAAEC,GAAG,EAAK;EAC1B,IAAQC,MAAM,GAAKF,GAAG,CAACG,IAAI,CAAnBD,MAAM;EACdE,gBAAQ,CACLC,OAAO,CAAC;IAAEC,OAAO,EAAEC,eAAO;IAAEC,KAAK,EAAE;MAAEN,MAAM,EAANA;IAAO;EAAE,CAAC,CAAC,CAChDO,IAAI,CAAC,UAACC,IAAI,EAAK;IACdT,GAAG,CAACU,IAAI,CAAC;MAAEC,MAAM,EAAE,GAAG;MAAEC,OAAO,EAAEb,GAAG,CAACc,CAAC,CAAC,kBAAkB,CAAC;MAAEJ,IAAI,EAAJA;IAAK,CAAC,CAAC;EACrE,CAAC,CAAC,SACI,CAAC,UAACK,GAAG,EAAK;IACdd,GAAG,CAACU,IAAI,CAAC;MAAEC,MAAM,EAAEG,GAAG,CAACH,MAAM;MAAEC,OAAO,EAAEE,GAAG,CAACF,OAAO;MAAEH,IAAI,EAAE;IAAG,CAAC,CAAC;EAClE,CAAC,CAAC;AACN,CAAC;AAED,IAAMM,KAAK;EAAA,IAAAC,IAAA,OAAAC,kBAAA,2BAAAC,YAAA,YAAAC,IAAA,CAAG,SAAAC,QAAOrB,GAAG,EAAEC,GAAG;IAAA,IAAAqB,SAAA,EAAAC,SAAA,EAAArB,MAAA,EAAAsB,MAAA,EAAAd,IAAA;IAAA,OAAAS,YAAA,YAAAM,IAAA,UAAAC,SAAAC,QAAA;MAAA,kBAAAA,QAAA,CAAAC,IAAA,GAAAD,QAAA,CAAAE,IAAA;QAAA;UAAAP,SAAA,GACGtB,GAAG,CAACG,IAAI,EAA9BoB,SAAS,GAAAD,SAAA,CAATC,SAAS,EAAErB,MAAM,GAAAoB,SAAA,CAANpB,MAAM;UAAAyB,QAAA,CAAAC,IAAA;UAAAD,QAAA,CAAAE,IAAA;UAAA,OAEFzB,gBAAQ,CAAC0B,OAAO,CAAC;YAAEtB,KAAK,EAAE;cAAEN,MAAM,EAANA,MAAM;cAAEqB,SAAS,EAATA;YAAU;UAAE,CAAC,CAAC;QAAA;UAAjEC,MAAM,GAAAG,QAAA,CAAAI,IAAA;UAAA,IACPP,MAAM;YAAAG,QAAA,CAAAE,IAAA;YAAA;UAAA;UAAAF,QAAA,CAAAE,IAAA;UAAA,OACUzB,gBAAQ,CAAC4B,MAAM,CAAC;YAAET,SAAS,EAATA,SAAS;YAAErB,MAAM,EAANA;UAAO,CAAC,CAAC;QAAA;UAAnDQ,IAAI,GAAAiB,QAAA,CAAAI,IAAA;UAAA,OAAAJ,QAAA,CAAAM,MAAA,WACHhC,GAAG,CAACU,IAAI,CAAC;YAAEC,MAAM,EAAE,GAAG;YAAEC,OAAO,EAAEb,GAAG,CAACc,CAAC,CAAC,eAAe,CAAC;YAAEJ,IAAI,EAAJA;UAAK,CAAC,CAAC;QAAA;UAAA,OAAAiB,QAAA,CAAAM,MAAA,WAElEhC,GAAG,CAACU,IAAI,CAAC;YAAEC,MAAM,EAAE,GAAG;YAAEC,OAAO,EAAEb,GAAG,CAACc,CAAC,CAAC,uBAAuB,CAAC;YAAEJ,IAAI,EAAEc;UAAO,CAAC,CAAC;QAAA;UAAAG,QAAA,CAAAC,IAAA;UAAAD,QAAA,CAAAO,EAAA,GAAAP,QAAA;UAAA,OAAAA,QAAA,CAAAM,MAAA,WAEhFhC,GAAG,CAACU,IAAI,CAAC;YAAEC,MAAM,EAAEe,QAAA,CAAAO,EAAA,CAAItB,MAAM;YAAEC,OAAO,EAAEc,QAAA,CAAAO,EAAA,CAAIrB,OAAO;YAAEH,IAAI,EAAE;UAAG,CAAC,CAAC;QAAA;QAAA;UAAA,OAAAiB,QAAA,CAAAQ,IAAA;MAAA;IAAA,GAAAd,OAAA;EAAA,CAE1E;EAAA,gBAZKL,KAAKA,CAAAoB,EAAA,EAAAC,GAAA;IAAA,OAAApB,IAAA,CAAAqB,KAAA,OAAAC,SAAA;EAAA;AAAA,GAYV;AAAC,IAAAC,QAAA,GACa;EAAEzC,KAAK,EAALA,KAAK;EAAEiB,KAAK,EAALA;AAAM,CAAC;AAAAyB,OAAA,cAAAD,QAAA"},"_coverageSchema":"1a1c01bbd47fc00a2c39e90264f33305004495a9","hash":"fab3e3661984003aafc9abc6f59e896f4d20c92b","contentHash":"242fbf8e9c48cb92e3bf4d1260600f8f127a6cf40da265f4039506ff1692c693"},"/Users/andela/Documents/GitHub/ecommerce-app-cogito-bn/src/middleware/wishlist.validator.js":{"path":"/Users/andela/Documents/GitHub/ecommerce-app-cogito-bn/src/middleware/wishlist.validator.js","statementMap":{"0":{"start":{"line":3,"column":29},"end":{"line":3,"column":84}},"1":{"start":{"line":4,"column":0},"end":{"line":6,"column":3}},"2":{"start":{"line":7,"column":0},"end":{"line":7,"column":28}},"3":{"start":{"line":8,"column":19},"end":{"line":8,"column":80}},"4":{"start":{"line":9,"column":25},"end":{"line":9,"column":99}},"5":{"start":{"line":10,"column":11},"end":{"line":10,"column":49}},"6":{"start":{"line":11,"column":17},"end":{"line":14,"column":2}},"7":{"start":{"line":15,"column":37},"end":{"line":47,"column":3}},"8":{"start":{"line":16,"column":13},"end":{"line":43,"column":5}},"9":{"start":{"line":18,"column":4},"end":{"line":42,"column":16}},"10":{"start":{"line":19,"column":6},"end":{"line":41,"column":7}},"11":{"start":{"line":19,"column":16},"end":{"line":41,"column":7}},"12":{"start":{"line":21,"column":10},"end":{"line":23,"column":49}},"13":{"start":{"line":24,"column":10},"end":{"line":37,"column":11}},"14":{"start":{"line":25,"column":12},"end":{"line":30,"column":15}},"15":{"start":{"line":26,"column":14},"end":{"line":29,"column":16}},"16":{"start":{"line":31,"column":12},"end":{"line":34,"column":15}},"17":{"start":{"line":36,"column":12},"end":{"line":36,"column":19}},"18":{"start":{"line":40,"column":10},"end":{"line":40,"column":33}},"19":{"start":{"line":44,"column":2},"end":{"line":46,"column":4}},"20":{"start":{"line":45,"column":4},"end":{"line":45,"column":39}},"21":{"start":{"line":48,"column":15},"end":{"line":48,"column":32}},"22":{"start":{"line":49,"column":0},"end":{"line":49,"column":30}}},"fnMap":{"0":{"name":"(anonymous_0)","decl":{"start":{"line":15,"column":37},"end":{"line":15,"column":38}},"loc":{"start":{"line":15,"column":49},"end":{"line":47,"column":1}},"line":15},"1":{"name":"_callee","decl":{"start":{"line":16,"column":100},"end":{"line":16,"column":107}},"loc":{"start":{"line":16,"column":124},"end":{"line":43,"column":3}},"line":16},"2":{"name":"_callee$","decl":{"start":{"line":18,"column":49},"end":{"line":18,"column":57}},"loc":{"start":{"line":18,"column":68},"end":{"line":42,"column":5}},"line":18},"3":{"name":"(anonymous_3)","decl":{"start":{"line":25,"column":45},"end":{"line":25,"column":46}},"loc":{"start":{"line":25,"column":60},"end":{"line":30,"column":13}},"line":25},"4":{"name":"wishlistValidator","decl":{"start":{"line":44,"column":18},"end":{"line":44,"column":35}},"loc":{"start":{"line":44,"column":50},"end":{"line":46,"column":3}},"line":44}},"branchMap":{"0":{"loc":{"start":{"line":19,"column":16},"end":{"line":41,"column":7}},"type":"switch","locations":[{"start":{"line":20,"column":8},"end":{"line":37,"column":11}},{"start":{"line":38,"column":8},"end":{"line":38,"column":15}},{"start":{"line":39,"column":8},"end":{"line":40,"column":33}}],"line":19},"1":{"loc":{"start":{"line":24,"column":10},"end":{"line":37,"column":11}},"type":"if","locations":[{"start":{"line":24,"column":10},"end":{"line":37,"column":11}},{"start":{"line":24,"column":10},"end":{"line":37,"column":11}}],"line":24}},"s":{"0":1,"1":1,"2":1,"3":1,"4":1,"5":1,"6":1,"7":1,"8":1,"9":2,"10":2,"11":2,"12":2,"13":2,"14":0,"15":0,"16":0,"17":2,"18":2,"19":1,"20":2,"21":1,"22":1},"f":{"0":1,"1":2,"2":2,"3":0,"4":2},"b":{"0":[2,2,2],"1":[0,2]},"inputSourceMap":{"version":3,"names":["_joi","_interopRequireDefault","require","validation","Joi","object","userId","number","integer","required","productId","wishlistValidator","_ref","_asyncToGenerator2","_regenerator","mark","_callee","req","res","next","_validation$validate","error","errorDetails","wrap","_callee$","_context","prev","validate","body","abortEarly","details","map","err","field","path","message","status","send","errors","stop","_x","_x2","_x3","apply","arguments","_default","exports"],"sourceRoot":"/Users/andela/Documents/GitHub/ecommerce-app-cogito-bn/src/middleware/","sources":["wishlist.validator.js"],"sourcesContent":["import Joi from 'joi';\n\nconst validation = Joi.object({\n  userId: Joi.number().integer().required(),\n  productId: Joi.number().integer().required(),\n});\n\nconst wishlistValidator = async (req, res, next) => {\n  const { error } = validation.validate(req.body, { abortEarly: false });\n  if (error) {\n    const errorDetails = error.details.map((err) => ({\n      field: err.path[0],\n      message: err.message,\n    }));\n    res.status(422).send({ status: 422, errors: errorDetails });\n  } else {\n    next();\n  }\n};\nexport default wishlistValidator;\n"],"mappings":";;;;;;;;;AAAA,IAAAA,IAAA,GAAAC,sBAAA,CAAAC,OAAA;AAEA,IAAMC,UAAU,GAAGC,eAAG,CAACC,MAAM,CAAC;EAC5BC,MAAM,EAAEF,eAAG,CAACG,MAAM,EAAE,CAACC,OAAO,EAAE,CAACC,QAAQ,EAAE;EACzCC,SAAS,EAAEN,eAAG,CAACG,MAAM,EAAE,CAACC,OAAO,EAAE,CAACC,QAAQ;AAC5C,CAAC,CAAC;AAEF,IAAME,iBAAiB;EAAA,IAAAC,IAAA,OAAAC,kBAAA,2BAAAC,YAAA,YAAAC,IAAA,CAAG,SAAAC,QAAOC,GAAG,EAAEC,GAAG,EAAEC,IAAI;IAAA,IAAAC,oBAAA,EAAAC,KAAA,EAAAC,YAAA;IAAA,OAAAR,YAAA,YAAAS,IAAA,UAAAC,SAAAC,QAAA;MAAA,kBAAAA,QAAA,CAAAC,IAAA,GAAAD,QAAA,CAAAN,IAAA;QAAA;UAAAC,oBAAA,GAC3BjB,UAAU,CAACwB,QAAQ,CAACV,GAAG,CAACW,IAAI,EAAE;YAAEC,UAAU,EAAE;UAAM,CAAC,CAAC,EAA9DR,KAAK,GAAAD,oBAAA,CAALC,KAAK;UACb,IAAIA,KAAK,EAAE;YACHC,YAAY,GAAGD,KAAK,CAACS,OAAO,CAACC,GAAG,CAAC,UAACC,GAAG;cAAA,OAAM;gBAC/CC,KAAK,EAAED,GAAG,CAACE,IAAI,CAAC,CAAC,CAAC;gBAClBC,OAAO,EAAEH,GAAG,CAACG;cACf,CAAC;YAAA,CAAC,CAAC;YACHjB,GAAG,CAACkB,MAAM,CAAC,GAAG,CAAC,CAACC,IAAI,CAAC;cAAED,MAAM,EAAE,GAAG;cAAEE,MAAM,EAAEhB;YAAa,CAAC,CAAC;UAC7D,CAAC,MAAM;YACLH,IAAI,EAAE;UACR;QAAC;QAAA;UAAA,OAAAM,QAAA,CAAAc,IAAA;MAAA;IAAA,GAAAvB,OAAA;EAAA,CACF;EAAA,gBAXKL,iBAAiBA,CAAA6B,EAAA,EAAAC,GAAA,EAAAC,GAAA;IAAA,OAAA9B,IAAA,CAAA+B,KAAA,OAAAC,SAAA;EAAA;AAAA,GAWtB;AAAC,IAAAC,QAAA,GACalC,iBAAiB;AAAAmC,OAAA,cAAAD,QAAA"},"_coverageSchema":"1a1c01bbd47fc00a2c39e90264f33305004495a9","hash":"71d99abdc6f4ceab0aea210cf77ce0ff24191b22","contentHash":"ac7fb9b974fc439dccae4cf0877b42dbf8164d805ff984ce65661d9c2ba1eb4b"}}